{
  "stats": {
    "suites": 30,
    "tests": 75,
    "passes": 74,
    "pending": 0,
    "failures": 1,
    "start": "2025-10-23T09:20:59.595Z",
    "end": "2025-10-23T09:21:02.012Z",
    "duration": 2417,
    "testsRegistered": 75,
    "passPercent": 98.66666666666667,
    "pendingPercent": 0,
    "other": 0,
    "hasOther": false,
    "skipped": 0,
    "hasSkipped": false
  },
  "results": [
    {
      "uuid": "72f61b0b-e5af-4c69-8d3c-55ee79836f42",
      "title": "",
      "fullFile": "",
      "file": "",
      "beforeHooks": [
        {
          "title": "\"before all\" hook in \"{root}\"",
          "fullTitle": "\"before all\" hook in \"{root}\"",
          "timedOut": false,
          "duration": 41,
          "state": null,
          "speed": null,
          "pass": false,
          "fail": false,
          "pending": false,
          "context": null,
          "code": "this.timeout(10000);\ntry {\n  await connectTestDb();\n} catch (error) {\n  console.error('❌ เกิดข้อผิดพลาดในการเชื่อมต่อฐานข้อมูลทดสอบ:', error);\n  process.exit(1);\n}",
          "err": {},
          "uuid": "8834dd42-3bd8-47b2-a2a6-7c92886d912c",
          "parentUUID": "72f61b0b-e5af-4c69-8d3c-55ee79836f42",
          "isHook": true,
          "skipped": false
        }
      ],
      "afterHooks": [
        {
          "title": "\"after all\" hook in \"{root}\"",
          "fullTitle": "\"after all\" hook in \"{root}\"",
          "timedOut": false,
          "duration": 7,
          "state": null,
          "speed": null,
          "pass": false,
          "fail": false,
          "pending": false,
          "context": null,
          "code": "try {\n  await closeTestDb();\n} catch (error) {\n  console.error('เกิดข้อผิดพลาดในการปิดฐานข้อมูลทดสอบ:', error);\n}",
          "err": {},
          "uuid": "3d0f2271-575b-4bfd-ae53-8f87ccb145ab",
          "parentUUID": "72f61b0b-e5af-4c69-8d3c-55ee79836f42",
          "isHook": true,
          "skipped": false
        },
        {
          "title": "\"after each\" hook in \"{root}\"",
          "fullTitle": "\"after each\" hook in \"{root}\"",
          "timedOut": false,
          "duration": 2,
          "state": null,
          "speed": null,
          "pass": false,
          "fail": false,
          "pending": false,
          "context": null,
          "code": "await clearAllCollections();",
          "err": {},
          "uuid": "caf869d0-34c8-46fa-a951-885ac5036017",
          "parentUUID": "72f61b0b-e5af-4c69-8d3c-55ee79836f42",
          "isHook": true,
          "skipped": false
        }
      ],
      "tests": [],
      "suites": [
        {
          "uuid": "627e1dfa-30f9-4aa3-b635-30587784c4a8",
          "title": "👤 ทดสอบระบบการมอบหมายงาน",
          "fullFile": "D:\\CSI\\dev ink\\MyUsafe-ReportProject\\backend\\tests\\assignments.test.js",
          "file": "\\tests\\assignments.test.js",
          "beforeHooks": [
            {
              "title": "\"before each\" hook in \"👤 ทดสอบระบบการมอบหมายงาน\"",
              "fullTitle": "👤 ทดสอบระบบการมอบหมายงาน \"before each\" hook in \"👤 ทดสอบระบบการมอบหมายงาน\"",
              "timedOut": false,
              "duration": 4,
              "state": null,
              "speed": null,
              "pass": false,
              "fail": false,
              "pending": false,
              "context": null,
              "code": "const complaint = await Complaint.create({\n    complaint_id: 'C_ASSIGN_TEST',\n    title: 'Test Complaint for Assignment',\n    categories: ['ไฟฟ้า'],\n    description: 'Test assignment',\n    location: {\n        building: 'อาคาร 1',\n        floor: '2',\n        room: '201'\n    },\n    current_status: 'รอรับเรื่อง',\n    priority: 'medium',\n    status_history: [{\n        status_id: 'S001',\n        status_name: 'รอรับเรื่อง',\n        updated_at: new Date()\n    }],\n    user_id: 'U001',\n    datetime_reported: new Date(),\n    likes: 0,\n    dislikes: 0,\n    views: 0\n});\ncomplaintId = complaint.complaint_id;",
              "err": {},
              "uuid": "decec21f-1fbd-4b65-a026-7dee1b3f2d70",
              "parentUUID": "627e1dfa-30f9-4aa3-b635-30587784c4a8",
              "isHook": true,
              "skipped": false
            }
          ],
          "afterHooks": [],
          "tests": [],
          "suites": [
            {
              "uuid": "10daa7d7-4e6c-44ad-9e18-a439eced3d4c",
              "title": "POST /api/assignments/:id/assign - มอบหมายงาน",
              "fullFile": "D:\\CSI\\dev ink\\MyUsafe-ReportProject\\backend\\tests\\assignments.test.js",
              "file": "\\tests\\assignments.test.js",
              "beforeHooks": [],
              "afterHooks": [],
              "tests": [
                {
                  "title": "ควรมอบหมายงานสำเร็จ",
                  "fullTitle": "👤 ทดสอบระบบการมอบหมายงาน POST /api/assignments/:id/assign - มอบหมายงาน ควรมอบหมายงานสำเร็จ",
                  "timedOut": false,
                  "duration": 542,
                  "state": "passed",
                  "speed": "slow",
                  "pass": true,
                  "fail": false,
                  "pending": false,
                  "context": null,
                  "code": "const res = await request(app)\n    .post(`/api/assignments/${complaintId}/assign`)\n    .send({\n        assigned_to: 'STAFF001',\n        assigned_by: 'ADMIN001'\n    });\nexpect(res.status).to.equal(200);\nexpect(res.body).to.have.property('success', true);\nexpect(res.body.data).to.have.property('assigned_to', 'STAFF001');\nexpect(res.body.data).to.have.property('assigned_by', 'ADMIN001');\nexpect(res.body.data).to.have.property('assigned_at');",
                  "err": {},
                  "uuid": "ae6df8e5-c36c-44f4-88c6-12d4fd3a8d89",
                  "parentUUID": "10daa7d7-4e6c-44ad-9e18-a439eced3d4c",
                  "isHook": false,
                  "skipped": false
                },
                {
                  "title": "ควรเปลี่ยนสถานะเป็น \"กำลังดำเนินการ\" หลังมอบหมาย",
                  "fullTitle": "👤 ทดสอบระบบการมอบหมายงาน POST /api/assignments/:id/assign - มอบหมายงาน ควรเปลี่ยนสถานะเป็น \"กำลังดำเนินการ\" หลังมอบหมาย",
                  "timedOut": false,
                  "duration": 22,
                  "state": "passed",
                  "speed": "fast",
                  "pass": true,
                  "fail": false,
                  "pending": false,
                  "context": null,
                  "code": "const res = await request(app)\n    .post(`/api/assignments/${complaintId}/assign`)\n    .send({\n        assigned_to: 'STAFF001'\n    });\nexpect(res.status).to.equal(200);\nexpect(res.body.data).to.have.property('current_status', 'กำลังดำเนินการ');\nexpect(res.body.data.status_history).to.have.lengthOf(2);",
                  "err": {},
                  "uuid": "e43a5def-dc12-4dcc-8c99-de3bcb416799",
                  "parentUUID": "10daa7d7-4e6c-44ad-9e18-a439eced3d4c",
                  "isHook": false,
                  "skipped": false
                },
                {
                  "title": "ควรล้มเหลวเมื่อไม่ระบุเจ้าหน้าที่",
                  "fullTitle": "👤 ทดสอบระบบการมอบหมายงาน POST /api/assignments/:id/assign - มอบหมายงาน ควรล้มเหลวเมื่อไม่ระบุเจ้าหน้าที่",
                  "timedOut": false,
                  "duration": 10,
                  "state": "passed",
                  "speed": "fast",
                  "pass": true,
                  "fail": false,
                  "pending": false,
                  "context": null,
                  "code": "const res = await request(app)\n    .post(`/api/assignments/${complaintId}/assign`)\n    .send({});\nexpect(res.status).to.equal(400);",
                  "err": {},
                  "uuid": "224097e1-3cfb-4a9a-9a1c-993064bd4bc6",
                  "parentUUID": "10daa7d7-4e6c-44ad-9e18-a439eced3d4c",
                  "isHook": false,
                  "skipped": false
                },
                {
                  "title": "ควรล้มเหลวเมื่อเรื่องร้องเรียนไม่มีอยู่",
                  "fullTitle": "👤 ทดสอบระบบการมอบหมายงาน POST /api/assignments/:id/assign - มอบหมายงาน ควรล้มเหลวเมื่อเรื่องร้องเรียนไม่มีอยู่",
                  "timedOut": false,
                  "duration": 12,
                  "state": "passed",
                  "speed": "fast",
                  "pass": true,
                  "fail": false,
                  "pending": false,
                  "context": null,
                  "code": "const res = await request(app)\n    .post('/api/assignments/C_NOTEXIST/assign')\n    .send({\n        assigned_to: 'STAFF001'\n    });\nexpect(res.status).to.equal(404);",
                  "err": {},
                  "uuid": "ae508e66-fe0f-4b82-9e93-bba798ad0d9b",
                  "parentUUID": "10daa7d7-4e6c-44ad-9e18-a439eced3d4c",
                  "isHook": false,
                  "skipped": false
                }
              ],
              "suites": [],
              "passes": [
                "ae6df8e5-c36c-44f4-88c6-12d4fd3a8d89",
                "e43a5def-dc12-4dcc-8c99-de3bcb416799",
                "224097e1-3cfb-4a9a-9a1c-993064bd4bc6",
                "ae508e66-fe0f-4b82-9e93-bba798ad0d9b"
              ],
              "failures": [],
              "pending": [],
              "skipped": [],
              "duration": 586,
              "root": false,
              "rootEmpty": false,
              "_timeout": 10000
            },
            {
              "uuid": "28525107-6369-46a3-8e34-066f4083a19c",
              "title": "GET /api/assignments/staff/:staffId - ดึงงานที่มอบหมาย",
              "fullFile": "D:\\CSI\\dev ink\\MyUsafe-ReportProject\\backend\\tests\\assignments.test.js",
              "file": "\\tests\\assignments.test.js",
              "beforeHooks": [
                {
                  "title": "\"before each\" hook in \"GET /api/assignments/staff/:staffId - ดึงงานที่มอบหมาย\"",
                  "fullTitle": "👤 ทดสอบระบบการมอบหมายงาน GET /api/assignments/staff/:staffId - ดึงงานที่มอบหมาย \"before each\" hook in \"GET /api/assignments/staff/:staffId - ดึงงานที่มอบหมาย\"",
                  "timedOut": false,
                  "duration": 7,
                  "state": null,
                  "speed": null,
                  "pass": false,
                  "fail": false,
                  "pending": false,
                  "context": null,
                  "code": "// สร้างเรื่องร้องเรียนที่มอบหมายแล้ว\nawait Complaint.create([\n    {\n        complaint_id: 'C_ASSIGN_1',\n        title: 'Assigned 1',\n        categories: ['ไฟฟ้า'],\n        location: { building: 'A', floor: '1', room: '101' },\n        current_status: 'กำลังดำเนินการ',\n        priority: 'high',\n        status_history: [{ status_id: 'S001', status_name: 'กำลังดำเนินการ', updated_at: new Date() }],\n        user_id: 'U001',\n        assigned_to: 'STAFF001',\n        assigned_at: new Date(),\n        datetime_reported: new Date(),\n        likes: 0,\n        dislikes: 0,\n        views: 0\n    },\n    {\n        complaint_id: 'C_ASSIGN_2',\n        title: 'Assigned 2',\n        categories: ['น้ำท่วม'],\n        location: { building: 'B', floor: '2', room: '201' },\n        current_status: 'กำลังดำเนินการ',\n        priority: 'urgent',\n        status_history: [{ status_id: 'S002', status_name: 'กำลังดำเนินการ', updated_at: new Date() }],\n        user_id: 'U002',\n        assigned_to: 'STAFF001',\n        assigned_at: new Date(),\n        datetime_reported: new Date(),\n        likes: 0,\n        dislikes: 0,\n        views: 0\n    }\n]);",
                  "err": {},
                  "uuid": "45bc3339-638d-4afd-ab98-281420311dbc",
                  "parentUUID": "28525107-6369-46a3-8e34-066f4083a19c",
                  "isHook": true,
                  "skipped": false
                }
              ],
              "afterHooks": [],
              "tests": [
                {
                  "title": "ควรดึงงานที่มอบหมายให้เจ้าหน้าที่ทั้งหมด",
                  "fullTitle": "👤 ทดสอบระบบการมอบหมายงาน GET /api/assignments/staff/:staffId - ดึงงานที่มอบหมาย ควรดึงงานที่มอบหมายให้เจ้าหน้าที่ทั้งหมด",
                  "timedOut": false,
                  "duration": 19,
                  "state": "passed",
                  "speed": "fast",
                  "pass": true,
                  "fail": false,
                  "pending": false,
                  "context": null,
                  "code": "const res = await request(app)\n    .get('/api/assignments/staff/STAFF001');\nexpect(res.status).to.equal(200);\nexpect(res.body.data).to.be.an('array');\nexpect(res.body.data).to.have.lengthOf(2);\nexpect(res.body).to.have.property('count', 2);",
                  "err": {},
                  "uuid": "783a6699-505b-42b6-9a67-0547f395340a",
                  "parentUUID": "28525107-6369-46a3-8e34-066f4083a19c",
                  "isHook": false,
                  "skipped": false
                },
                {
                  "title": "ควรคืนค่า array ว่างเมื่อไม่มีงาน",
                  "fullTitle": "👤 ทดสอบระบบการมอบหมายงาน GET /api/assignments/staff/:staffId - ดึงงานที่มอบหมาย ควรคืนค่า array ว่างเมื่อไม่มีงาน",
                  "timedOut": false,
                  "duration": 6,
                  "state": "passed",
                  "speed": "fast",
                  "pass": true,
                  "fail": false,
                  "pending": false,
                  "context": null,
                  "code": "const res = await request(app)\n    .get('/api/assignments/staff/STAFF999');\nexpect(res.status).to.equal(200);\nexpect(res.body.data).to.have.lengthOf(0);",
                  "err": {},
                  "uuid": "55063049-3766-48d4-9c5f-6cd5f76637e4",
                  "parentUUID": "28525107-6369-46a3-8e34-066f4083a19c",
                  "isHook": false,
                  "skipped": false
                }
              ],
              "suites": [],
              "passes": [
                "783a6699-505b-42b6-9a67-0547f395340a",
                "55063049-3766-48d4-9c5f-6cd5f76637e4"
              ],
              "failures": [],
              "pending": [],
              "skipped": [],
              "duration": 25,
              "root": false,
              "rootEmpty": false,
              "_timeout": 10000
            },
            {
              "uuid": "a1e6c9c7-77fc-468e-970b-3008d83f72b7",
              "title": "DELETE /api/assignments/:id/unassign - ยกเลิกการมอบหมาย",
              "fullFile": "D:\\CSI\\dev ink\\MyUsafe-ReportProject\\backend\\tests\\assignments.test.js",
              "file": "\\tests\\assignments.test.js",
              "beforeHooks": [
                {
                  "title": "\"before each\" hook in \"DELETE /api/assignments/:id/unassign - ยกเลิกการมอบหมาย\"",
                  "fullTitle": "👤 ทดสอบระบบการมอบหมายงาน DELETE /api/assignments/:id/unassign - ยกเลิกการมอบหมาย \"before each\" hook in \"DELETE /api/assignments/:id/unassign - ยกเลิกการมอบหมาย\"",
                  "timedOut": false,
                  "duration": 5,
                  "state": null,
                  "speed": null,
                  "pass": false,
                  "fail": false,
                  "pending": false,
                  "context": null,
                  "code": "await Complaint.updateOne(\n    { complaint_id: complaintId },\n    {\n        assigned_to: 'STAFF001',\n        assigned_at: new Date(),\n        assigned_by: 'ADMIN001'\n    }\n);",
                  "err": {},
                  "uuid": "8cac3386-4b54-4305-9a0e-ae70d09486b5",
                  "parentUUID": "a1e6c9c7-77fc-468e-970b-3008d83f72b7",
                  "isHook": true,
                  "skipped": false
                }
              ],
              "afterHooks": [],
              "tests": [
                {
                  "title": "ควรยกเลิกการมอบหมายสำเร็จ",
                  "fullTitle": "👤 ทดสอบระบบการมอบหมายงาน DELETE /api/assignments/:id/unassign - ยกเลิกการมอบหมาย ควรยกเลิกการมอบหมายสำเร็จ",
                  "timedOut": false,
                  "duration": 14,
                  "state": "passed",
                  "speed": "fast",
                  "pass": true,
                  "fail": false,
                  "pending": false,
                  "context": null,
                  "code": "const res = await request(app)\n    .delete(`/api/assignments/${complaintId}/unassign`);\nexpect(res.status).to.equal(200);\nexpect(res.body.data).to.have.property('assigned_to', null);\nexpect(res.body.data).to.have.property('assigned_at', null);\nexpect(res.body.data).to.have.property('assigned_by', null);",
                  "err": {},
                  "uuid": "b9592d28-27c1-4e31-8406-ee672baacb1e",
                  "parentUUID": "a1e6c9c7-77fc-468e-970b-3008d83f72b7",
                  "isHook": false,
                  "skipped": false
                }
              ],
              "suites": [],
              "passes": [
                "b9592d28-27c1-4e31-8406-ee672baacb1e"
              ],
              "failures": [],
              "pending": [],
              "skipped": [],
              "duration": 14,
              "root": false,
              "rootEmpty": false,
              "_timeout": 10000
            }
          ],
          "passes": [],
          "failures": [],
          "pending": [],
          "skipped": [],
          "duration": 0,
          "root": false,
          "rootEmpty": false,
          "_timeout": 10000
        },
        {
          "uuid": "82c30d44-1098-4b3a-8610-90abd276cf1b",
          "title": "📂 ทดสอบระบบหมวดหมู่",
          "fullFile": "D:\\CSI\\dev ink\\MyUsafe-ReportProject\\backend\\tests\\categories.test.js",
          "file": "\\tests\\categories.test.js",
          "beforeHooks": [
            {
              "title": "\"before each\" hook in \"📂 ทดสอบระบบหมวดหมู่\"",
              "fullTitle": "📂 ทดสอบระบบหมวดหมู่ \"before each\" hook in \"📂 ทดสอบระบบหมวดหมู่\"",
              "timedOut": false,
              "duration": 3,
              "state": null,
              "speed": null,
              "pass": false,
              "fail": false,
              "pending": false,
              "context": null,
              "code": "// สร้างข้อมูลทดสอบ\nawait Category.create([\n    { name: 'น้ำท่วม', description: 'ปัญหาน้ำท่วม น้ำรั่ว' },\n    { name: 'ไฟฟ้า', description: 'ปัญหาไฟฟ้า แอร์ หลอดไฟ' },\n    { name: 'คอมพิวเตอร์', description: 'ปัญหาคอมพิวเตอร์ อินเทอร์เน็ต' }\n]);",
              "err": {},
              "uuid": "76a5afcc-e99b-4a00-bf74-1a843d108b23",
              "parentUUID": "82c30d44-1098-4b3a-8610-90abd276cf1b",
              "isHook": true,
              "skipped": false
            }
          ],
          "afterHooks": [],
          "tests": [],
          "suites": [
            {
              "uuid": "bb0088c2-9a44-4d30-a520-ad0ed7c6ed3b",
              "title": "GET /api/categories - ดึงข้อมูลหมวดหมู่ทั้งหมด",
              "fullFile": "D:\\CSI\\dev ink\\MyUsafe-ReportProject\\backend\\tests\\categories.test.js",
              "file": "\\tests\\categories.test.js",
              "beforeHooks": [],
              "afterHooks": [],
              "tests": [
                {
                  "title": "ควรดึงหมวดหมู่ทั้งหมดที่เรียงตามชื่อ",
                  "fullTitle": "📂 ทดสอบระบบหมวดหมู่ GET /api/categories - ดึงข้อมูลหมวดหมู่ทั้งหมด ควรดึงหมวดหมู่ทั้งหมดที่เรียงตามชื่อ",
                  "timedOut": false,
                  "duration": 9,
                  "state": "passed",
                  "speed": "fast",
                  "pass": true,
                  "fail": false,
                  "pending": false,
                  "context": null,
                  "code": "const res = await request(app)\n    .get('/api/categories');\nexpect(res.status).to.equal(200);\nexpect(res.body).to.have.property('success', true);\nexpect(res.body.data).to.be.an('array');\nexpect(res.body.data).to.have.lengthOf(3);\n// ตรวจสอบว่าเรียงลำดับตาม name\nexpect(res.body.data[0]).to.have.property('name');\nexpect(res.body.data[0]).to.have.property('description');",
                  "err": {},
                  "uuid": "a4e2586e-ec05-4afa-bd8a-70de5c9bf86d",
                  "parentUUID": "bb0088c2-9a44-4d30-a520-ad0ed7c6ed3b",
                  "isHook": false,
                  "skipped": false
                },
                {
                  "title": "ควรคืนค่า array ว่างเมื่อไม่มีหมวดหมู่",
                  "fullTitle": "📂 ทดสอบระบบหมวดหมู่ GET /api/categories - ดึงข้อมูลหมวดหมู่ทั้งหมด ควรคืนค่า array ว่างเมื่อไม่มีหมวดหมู่",
                  "timedOut": false,
                  "duration": 14,
                  "state": "passed",
                  "speed": "fast",
                  "pass": true,
                  "fail": false,
                  "pending": false,
                  "context": null,
                  "code": "await Category.deleteMany({});\nconst res = await request(app)\n    .get('/api/categories');\nexpect(res.status).to.equal(200);\nexpect(res.body.data).to.be.an('array');\nexpect(res.body.data).to.have.lengthOf(0);",
                  "err": {},
                  "uuid": "dd49a2aa-f5a8-4d42-8254-330c1ec27da8",
                  "parentUUID": "bb0088c2-9a44-4d30-a520-ad0ed7c6ed3b",
                  "isHook": false,
                  "skipped": false
                }
              ],
              "suites": [],
              "passes": [
                "a4e2586e-ec05-4afa-bd8a-70de5c9bf86d",
                "dd49a2aa-f5a8-4d42-8254-330c1ec27da8"
              ],
              "failures": [],
              "pending": [],
              "skipped": [],
              "duration": 23,
              "root": false,
              "rootEmpty": false,
              "_timeout": 10000
            },
            {
              "uuid": "af04ad06-4465-4c5d-9caa-5f9edee8626b",
              "title": "POST /api/categories - สร้างหมวดหมู่ใหม่",
              "fullFile": "D:\\CSI\\dev ink\\MyUsafe-ReportProject\\backend\\tests\\categories.test.js",
              "file": "\\tests\\categories.test.js",
              "beforeHooks": [],
              "afterHooks": [],
              "tests": [
                {
                  "title": "ควรสร้างหมวดหมู่ใหม่สำเร็จ",
                  "fullTitle": "📂 ทดสอบระบบหมวดหมู่ POST /api/categories - สร้างหมวดหมู่ใหม่ ควรสร้างหมวดหมู่ใหม่สำเร็จ",
                  "timedOut": false,
                  "duration": 11,
                  "state": "passed",
                  "speed": "fast",
                  "pass": true,
                  "fail": false,
                  "pending": false,
                  "context": null,
                  "code": "const categoryData = {\n    name: 'ทั่วไป',\n    description: 'เรื่องทั่วไปอื่นๆ'\n};\nconst res = await request(app)\n    .post('/api/categories')\n    .send(categoryData);\nexpect(res.status).to.equal(201);\nexpect(res.body).to.have.property('success', true);\nexpect(res.body).to.have.property('message');\nexpect(res.body.data).to.have.property('name', categoryData.name);\nexpect(res.body.data).to.have.property('description', categoryData.description);",
                  "err": {},
                  "uuid": "5a6a7a28-a6c1-4e9f-81a6-9af675633ac2",
                  "parentUUID": "af04ad06-4465-4c5d-9caa-5f9edee8626b",
                  "isHook": false,
                  "skipped": false
                },
                {
                  "title": "ควรสร้างหมวดหมู่ได้โดยไม่มี description",
                  "fullTitle": "📂 ทดสอบระบบหมวดหมู่ POST /api/categories - สร้างหมวดหมู่ใหม่ ควรสร้างหมวดหมู่ได้โดยไม่มี description",
                  "timedOut": false,
                  "duration": 9,
                  "state": "passed",
                  "speed": "fast",
                  "pass": true,
                  "fail": false,
                  "pending": false,
                  "context": null,
                  "code": "const res = await request(app)\n    .post('/api/categories')\n    .send({\n        name: 'อื่นๆ'\n    });\nexpect(res.status).to.equal(201);\nexpect(res.body.data).to.have.property('description', '');",
                  "err": {},
                  "uuid": "45fa8ee0-819b-4117-8a9e-d250d9729796",
                  "parentUUID": "af04ad06-4465-4c5d-9caa-5f9edee8626b",
                  "isHook": false,
                  "skipped": false
                },
                {
                  "title": "ควรล้มเหลวเมื่อไม่มีชื่อหมวดหมู่",
                  "fullTitle": "📂 ทดสอบระบบหมวดหมู่ POST /api/categories - สร้างหมวดหมู่ใหม่ ควรล้มเหลวเมื่อไม่มีชื่อหมวดหมู่",
                  "timedOut": false,
                  "duration": 5,
                  "state": "passed",
                  "speed": "fast",
                  "pass": true,
                  "fail": false,
                  "pending": false,
                  "context": null,
                  "code": "const res = await request(app)\n    .post('/api/categories')\n    .send({\n        description: 'Test'\n    });\nexpect(res.status).to.equal(400);\nexpect(res.body).to.have.property('success', false);\nexpect(res.body).to.have.property('error');",
                  "err": {},
                  "uuid": "f85c3882-61c2-44db-89dc-6604c582ee4e",
                  "parentUUID": "af04ad06-4465-4c5d-9caa-5f9edee8626b",
                  "isHook": false,
                  "skipped": false
                },
                {
                  "title": "ควรล้มเหลวเมื่อชื่อหมวดหมู่เป็น string ว่าง",
                  "fullTitle": "📂 ทดสอบระบบหมวดหมู่ POST /api/categories - สร้างหมวดหมู่ใหม่ ควรล้มเหลวเมื่อชื่อหมวดหมู่เป็น string ว่าง",
                  "timedOut": false,
                  "duration": 4,
                  "state": "passed",
                  "speed": "fast",
                  "pass": true,
                  "fail": false,
                  "pending": false,
                  "context": null,
                  "code": "const res = await request(app)\n    .post('/api/categories')\n    .send({\n        name: '   ',\n        description: 'Test'\n    });\nexpect(res.status).to.equal(400);\nexpect(res.body).to.have.property('success', false);",
                  "err": {},
                  "uuid": "96a5886f-58d9-42e6-a58f-ba73a4cc28a1",
                  "parentUUID": "af04ad06-4465-4c5d-9caa-5f9edee8626b",
                  "isHook": false,
                  "skipped": false
                },
                {
                  "title": "ควรล้มเหลวเมื่อชื่อหมวดหมู่ซ้ำกับที่มีอยู่แล้ว",
                  "fullTitle": "📂 ทดสอบระบบหมวดหมู่ POST /api/categories - สร้างหมวดหมู่ใหม่ ควรล้มเหลวเมื่อชื่อหมวดหมู่ซ้ำกับที่มีอยู่แล้ว",
                  "timedOut": false,
                  "duration": 10,
                  "state": "passed",
                  "speed": "fast",
                  "pass": true,
                  "fail": false,
                  "pending": false,
                  "context": null,
                  "code": "const res = await request(app)\n    .post('/api/categories')\n    .send({\n        name: 'น้ำท่วม',\n        description: 'ซ้ำกับที่มีอยู่แล้ว'\n    });\nexpect(res.status).to.equal(400);\nexpect(res.body).to.have.property('success', false);\nexpect(res.body).to.have.property('error', 'มีหมวดหมู่นี้อยู่แล้ว');",
                  "err": {},
                  "uuid": "7f0af2e2-c4d5-4f46-8595-14ce0a96e505",
                  "parentUUID": "af04ad06-4465-4c5d-9caa-5f9edee8626b",
                  "isHook": false,
                  "skipped": false
                },
                {
                  "title": "ควรตัดช่องว่างออกจากชื่อหมวดหมู่",
                  "fullTitle": "📂 ทดสอบระบบหมวดหมู่ POST /api/categories - สร้างหมวดหมู่ใหม่ ควรตัดช่องว่างออกจากชื่อหมวดหมู่",
                  "timedOut": false,
                  "duration": 9,
                  "state": "passed",
                  "speed": "fast",
                  "pass": true,
                  "fail": false,
                  "pending": false,
                  "context": null,
                  "code": "const res = await request(app)\n    .post('/api/categories')\n    .send({\n        name: '  ทดสอบ  ',\n        description: 'Test trim'\n    });\nexpect(res.status).to.equal(201);\nexpect(res.body.data).to.have.property('name', 'ทดสอบ');",
                  "err": {},
                  "uuid": "87798271-6cff-4d63-9f23-91d37df5b741",
                  "parentUUID": "af04ad06-4465-4c5d-9caa-5f9edee8626b",
                  "isHook": false,
                  "skipped": false
                }
              ],
              "suites": [],
              "passes": [
                "5a6a7a28-a6c1-4e9f-81a6-9af675633ac2",
                "45fa8ee0-819b-4117-8a9e-d250d9729796",
                "f85c3882-61c2-44db-89dc-6604c582ee4e",
                "96a5886f-58d9-42e6-a58f-ba73a4cc28a1",
                "7f0af2e2-c4d5-4f46-8595-14ce0a96e505",
                "87798271-6cff-4d63-9f23-91d37df5b741"
              ],
              "failures": [],
              "pending": [],
              "skipped": [],
              "duration": 48,
              "root": false,
              "rootEmpty": false,
              "_timeout": 10000
            }
          ],
          "passes": [],
          "failures": [],
          "pending": [],
          "skipped": [],
          "duration": 0,
          "root": false,
          "rootEmpty": false,
          "_timeout": 10000
        },
        {
          "uuid": "80bd580f-7c7d-4466-af6f-245f8c57ed47",
          "title": "💬 ทดสอบระบบความคิดเห็น",
          "fullFile": "D:\\CSI\\dev ink\\MyUsafe-ReportProject\\backend\\tests\\comments.test.js",
          "file": "\\tests\\comments.test.js",
          "beforeHooks": [
            {
              "title": "\"before each\" hook in \"💬 ทดสอบระบบความคิดเห็น\"",
              "fullTitle": "💬 ทดสอบระบบความคิดเห็น \"before each\" hook in \"💬 ทดสอบระบบความคิดเห็น\"",
              "timedOut": false,
              "duration": 3,
              "state": null,
              "speed": null,
              "pass": false,
              "fail": false,
              "pending": false,
              "context": null,
              "code": "// สร้าง complaint ทดสอบ\nconst complaint = await Complaint.create({\n    complaint_id: 'C_COMMENT_TEST',\n    title: 'Test Complaint for Comments',\n    categories: ['ทั่วไป'],\n    description: 'Test',\n    location: {\n        building: 'Test Building',\n        floor: '1',\n        room: '101'\n    },\n    current_status: 'รอรับเรื่อง',\n    priority: 'low',\n    status_history: [{\n        status_id: 'S001',\n        status_name: 'รอรับเรื่อง',\n        updated_at: new Date()\n    }],\n    user_id: 'U001',\n    datetime_reported: new Date(),\n    likes: 0,\n    dislikes: 0,\n    views: 0\n});\ncomplaintId = complaint.complaint_id;",
              "err": {},
              "uuid": "8389f11c-1d98-44c1-8380-eeb507f8bb27",
              "parentUUID": "80bd580f-7c7d-4466-af6f-245f8c57ed47",
              "isHook": true,
              "skipped": false
            }
          ],
          "afterHooks": [],
          "tests": [],
          "suites": [
            {
              "uuid": "4e2714f1-7104-4e79-b6b3-79d83e1b50d2",
              "title": "POST /api/comments - เพิ่มความคิดเห็น",
              "fullFile": "D:\\CSI\\dev ink\\MyUsafe-ReportProject\\backend\\tests\\comments.test.js",
              "file": "\\tests\\comments.test.js",
              "beforeHooks": [],
              "afterHooks": [],
              "tests": [
                {
                  "title": "ควรเพิ่มความคิดเห็นใหม่สำเร็จ",
                  "fullTitle": "💬 ทดสอบระบบความคิดเห็น POST /api/comments - เพิ่มความคิดเห็น ควรเพิ่มความคิดเห็นใหม่สำเร็จ",
                  "timedOut": false,
                  "duration": 12,
                  "state": "passed",
                  "speed": "fast",
                  "pass": true,
                  "fail": false,
                  "pending": false,
                  "context": null,
                  "code": "const commentData = {\n    complaint_id: complaintId,\n    user_id: 'U001',\n    user_name: 'Test User',\n    user_role: 'reporter',\n    comment: 'นี่คือความคิดเห็นทดสอบ'\n};\nconst res = await request(app)\n    .post('/api/comments')\n    .send(commentData);\nexpect(res.status).to.equal(201);\nexpect(res.body).to.have.property('success', true);\nexpect(res.body.data).to.have.property('comment', commentData.comment);\nexpect(res.body.data).to.have.property('user_name', commentData.user_name);",
                  "err": {},
                  "uuid": "7d08f593-fce8-4b8a-a994-09d2e86a871c",
                  "parentUUID": "4e2714f1-7104-4e79-b6b3-79d83e1b50d2",
                  "isHook": false,
                  "skipped": false
                },
                {
                  "title": "ควรล้มเหลวเมื่อไม่มีความคิดเห็น",
                  "fullTitle": "💬 ทดสอบระบบความคิดเห็น POST /api/comments - เพิ่มความคิดเห็น ควรล้มเหลวเมื่อไม่มีความคิดเห็น",
                  "timedOut": false,
                  "duration": 5,
                  "state": "passed",
                  "speed": "fast",
                  "pass": true,
                  "fail": false,
                  "pending": false,
                  "context": null,
                  "code": "const res = await request(app)\n    .post('/api/comments')\n    .send({\n        complaint_id: complaintId,\n        user_id: 'U001',\n        user_name: 'Test User'\n    });\nexpect(res.status).to.equal(400);\nexpect(res.body).to.have.property('success', false);",
                  "err": {},
                  "uuid": "f8a7bd4d-d975-4178-b6a9-5afda497d28b",
                  "parentUUID": "4e2714f1-7104-4e79-b6b3-79d83e1b50d2",
                  "isHook": false,
                  "skipped": false
                },
                {
                  "title": "ควรล้มเหลวเมื่อเรื่องร้องเรียนไม่มีอยู่",
                  "fullTitle": "💬 ทดสอบระบบความคิดเห็น POST /api/comments - เพิ่มความคิดเห็น ควรล้มเหลวเมื่อเรื่องร้องเรียนไม่มีอยู่",
                  "timedOut": false,
                  "duration": 6,
                  "state": "passed",
                  "speed": "fast",
                  "pass": true,
                  "fail": false,
                  "pending": false,
                  "context": null,
                  "code": "const res = await request(app)\n    .post('/api/comments')\n    .send({\n        complaint_id: 'C_NOTEXIST',\n        user_id: 'U001',\n        user_name: 'Test User',\n        comment: 'Test comment'\n    });\nexpect(res.status).to.equal(404);",
                  "err": {},
                  "uuid": "1ab639ca-9feb-4c73-a0c4-6f76697bc2c9",
                  "parentUUID": "4e2714f1-7104-4e79-b6b3-79d83e1b50d2",
                  "isHook": false,
                  "skipped": false
                }
              ],
              "suites": [],
              "passes": [
                "7d08f593-fce8-4b8a-a994-09d2e86a871c",
                "f8a7bd4d-d975-4178-b6a9-5afda497d28b",
                "1ab639ca-9feb-4c73-a0c4-6f76697bc2c9"
              ],
              "failures": [],
              "pending": [],
              "skipped": [],
              "duration": 23,
              "root": false,
              "rootEmpty": false,
              "_timeout": 10000
            },
            {
              "uuid": "531d2f03-614a-4ee7-8954-6e0424e45352",
              "title": "GET /api/comments/complaint/:complaintId - ดึงความคิดเห็น",
              "fullFile": "D:\\CSI\\dev ink\\MyUsafe-ReportProject\\backend\\tests\\comments.test.js",
              "file": "\\tests\\comments.test.js",
              "beforeHooks": [
                {
                  "title": "\"before each\" hook in \"GET /api/comments/complaint/:complaintId - ดึงความคิดเห็น\"",
                  "fullTitle": "💬 ทดสอบระบบความคิดเห็น GET /api/comments/complaint/:complaintId - ดึงความคิดเห็น \"before each\" hook in \"GET /api/comments/complaint/:complaintId - ดึงความคิดเห็น\"",
                  "timedOut": false,
                  "duration": 4,
                  "state": null,
                  "speed": null,
                  "pass": false,
                  "fail": false,
                  "pending": false,
                  "context": null,
                  "code": "// สร้างความคิดเห็นทดสอบ\nawait Comment.create([\n    {\n        complaint_id: complaintId,\n        user_id: 'U001',\n        user_name: 'User 1',\n        comment: 'Comment 1',\n        created_at: new Date('2025-01-01')\n    },\n    {\n        complaint_id: complaintId,\n        user_id: 'U002',\n        user_name: 'User 2',\n        comment: 'Comment 2',\n        created_at: new Date('2025-01-02')\n    }\n]);",
                  "err": {},
                  "uuid": "edbe3556-86d6-49ff-a299-69bd7cab1229",
                  "parentUUID": "531d2f03-614a-4ee7-8954-6e0424e45352",
                  "isHook": true,
                  "skipped": false
                }
              ],
              "afterHooks": [],
              "tests": [
                {
                  "title": "ควรดึงความคิดเห็นทั้งหมดของเรื่องร้องเรียน",
                  "fullTitle": "💬 ทดสอบระบบความคิดเห็น GET /api/comments/complaint/:complaintId - ดึงความคิดเห็น ควรดึงความคิดเห็นทั้งหมดของเรื่องร้องเรียน",
                  "timedOut": false,
                  "duration": 12,
                  "state": "passed",
                  "speed": "fast",
                  "pass": true,
                  "fail": false,
                  "pending": false,
                  "context": null,
                  "code": "const res = await request(app)\n    .get(`/api/comments/complaint/${complaintId}`);\nexpect(res.status).to.equal(200);\nexpect(res.body).to.have.property('success', true);\nexpect(res.body.data).to.be.an('array');\nexpect(res.body.data).to.have.lengthOf(2);\nexpect(res.body).to.have.property('count', 2);",
                  "err": {},
                  "uuid": "7e76f302-791d-4726-b312-05f5cdd411f7",
                  "parentUUID": "531d2f03-614a-4ee7-8954-6e0424e45352",
                  "isHook": false,
                  "skipped": false
                },
                {
                  "title": "ควรเรียงความคิดเห็นจากเก่าไปใหม่",
                  "fullTitle": "💬 ทดสอบระบบความคิดเห็น GET /api/comments/complaint/:complaintId - ดึงความคิดเห็น ควรเรียงความคิดเห็นจากเก่าไปใหม่",
                  "timedOut": false,
                  "duration": 11,
                  "state": "passed",
                  "speed": "fast",
                  "pass": true,
                  "fail": false,
                  "pending": false,
                  "context": null,
                  "code": "const res = await request(app)\n    .get(`/api/comments/complaint/${complaintId}`);\nexpect(res.status).to.equal(200);\nexpect(res.body.data[0]).to.have.property('comment', 'Comment 1');\nexpect(res.body.data[1]).to.have.property('comment', 'Comment 2');",
                  "err": {},
                  "uuid": "87557c01-221b-4897-8265-8f691d4ccb2e",
                  "parentUUID": "531d2f03-614a-4ee7-8954-6e0424e45352",
                  "isHook": false,
                  "skipped": false
                },
                {
                  "title": "ควรคืนค่า array ว่างเมื่อไม่มีความคิดเห็น",
                  "fullTitle": "💬 ทดสอบระบบความคิดเห็น GET /api/comments/complaint/:complaintId - ดึงความคิดเห็น ควรคืนค่า array ว่างเมื่อไม่มีความคิดเห็น",
                  "timedOut": false,
                  "duration": 12,
                  "state": "passed",
                  "speed": "fast",
                  "pass": true,
                  "fail": false,
                  "pending": false,
                  "context": null,
                  "code": "await Comment.deleteMany({});\nconst res = await request(app)\n    .get(`/api/comments/complaint/${complaintId}`);\nexpect(res.status).to.equal(200);\nexpect(res.body.data).to.have.lengthOf(0);",
                  "err": {},
                  "uuid": "6c6c14e6-1d65-45be-9607-b75b3dd13582",
                  "parentUUID": "531d2f03-614a-4ee7-8954-6e0424e45352",
                  "isHook": false,
                  "skipped": false
                }
              ],
              "suites": [],
              "passes": [
                "7e76f302-791d-4726-b312-05f5cdd411f7",
                "87557c01-221b-4897-8265-8f691d4ccb2e",
                "6c6c14e6-1d65-45be-9607-b75b3dd13582"
              ],
              "failures": [],
              "pending": [],
              "skipped": [],
              "duration": 35,
              "root": false,
              "rootEmpty": false,
              "_timeout": 10000
            },
            {
              "uuid": "a594f754-d0af-4891-afd2-4b56d407d096",
              "title": "PUT /api/comments/:id - แก้ไขความคิดเห็น",
              "fullFile": "D:\\CSI\\dev ink\\MyUsafe-ReportProject\\backend\\tests\\comments.test.js",
              "file": "\\tests\\comments.test.js",
              "beforeHooks": [
                {
                  "title": "\"before each\" hook in \"PUT /api/comments/:id - แก้ไขความคิดเห็น\"",
                  "fullTitle": "💬 ทดสอบระบบความคิดเห็น PUT /api/comments/:id - แก้ไขความคิดเห็น \"before each\" hook in \"PUT /api/comments/:id - แก้ไขความคิดเห็น\"",
                  "timedOut": false,
                  "duration": 1,
                  "state": null,
                  "speed": null,
                  "pass": false,
                  "fail": false,
                  "pending": false,
                  "context": null,
                  "code": "const comment = await Comment.create({\n    complaint_id: complaintId,\n    user_id: 'U001',\n    user_name: 'Test User',\n    comment: 'Original comment'\n});\ncommentId = comment._id;",
                  "err": {},
                  "uuid": "0eaacb33-227b-42d5-bfa9-51b30c52d8ce",
                  "parentUUID": "a594f754-d0af-4891-afd2-4b56d407d096",
                  "isHook": true,
                  "skipped": false
                }
              ],
              "afterHooks": [],
              "tests": [
                {
                  "title": "ควรแก้ไขความคิดเห็นสำเร็จ",
                  "fullTitle": "💬 ทดสอบระบบความคิดเห็น PUT /api/comments/:id - แก้ไขความคิดเห็น ควรแก้ไขความคิดเห็นสำเร็จ",
                  "timedOut": false,
                  "duration": 11,
                  "state": "passed",
                  "speed": "fast",
                  "pass": true,
                  "fail": false,
                  "pending": false,
                  "context": null,
                  "code": "const res = await request(app)\n    .put(`/api/comments/${commentId}`)\n    .send({\n        user_id: 'U001',\n        comment: 'Updated comment'\n    });\nexpect(res.status).to.equal(200);\nexpect(res.body.data).to.have.property('comment', 'Updated comment');\nexpect(res.body.data).to.have.property('is_edited', true);",
                  "err": {},
                  "uuid": "6ab2e2e4-16cb-4669-beb4-b30b48a32eb8",
                  "parentUUID": "a594f754-d0af-4891-afd2-4b56d407d096",
                  "isHook": false,
                  "skipped": false
                },
                {
                  "title": "ควรล้มเหลวเมื่อไม่ใช่เจ้าของความคิดเห็น",
                  "fullTitle": "💬 ทดสอบระบบความคิดเห็น PUT /api/comments/:id - แก้ไขความคิดเห็น ควรล้มเหลวเมื่อไม่ใช่เจ้าของความคิดเห็น",
                  "timedOut": false,
                  "duration": 7,
                  "state": "passed",
                  "speed": "fast",
                  "pass": true,
                  "fail": false,
                  "pending": false,
                  "context": null,
                  "code": "const res = await request(app)\n    .put(`/api/comments/${commentId}`)\n    .send({\n        user_id: 'U999', // คนอื่น\n        comment: 'Hacked comment'\n    });\nexpect(res.status).to.equal(403);",
                  "err": {},
                  "uuid": "5869f39e-b3cd-4064-9031-01e64cb9ad71",
                  "parentUUID": "a594f754-d0af-4891-afd2-4b56d407d096",
                  "isHook": false,
                  "skipped": false
                }
              ],
              "suites": [],
              "passes": [
                "6ab2e2e4-16cb-4669-beb4-b30b48a32eb8",
                "5869f39e-b3cd-4064-9031-01e64cb9ad71"
              ],
              "failures": [],
              "pending": [],
              "skipped": [],
              "duration": 18,
              "root": false,
              "rootEmpty": false,
              "_timeout": 10000
            },
            {
              "uuid": "5c549d68-9753-44fc-aa13-1b5c7a6bbb49",
              "title": "DELETE /api/comments/:id - ลบความคิดเห็น",
              "fullFile": "D:\\CSI\\dev ink\\MyUsafe-ReportProject\\backend\\tests\\comments.test.js",
              "file": "\\tests\\comments.test.js",
              "beforeHooks": [
                {
                  "title": "\"before each\" hook in \"DELETE /api/comments/:id - ลบความคิดเห็น\"",
                  "fullTitle": "💬 ทดสอบระบบความคิดเห็น DELETE /api/comments/:id - ลบความคิดเห็น \"before each\" hook in \"DELETE /api/comments/:id - ลบความคิดเห็น\"",
                  "timedOut": false,
                  "duration": 2,
                  "state": null,
                  "speed": null,
                  "pass": false,
                  "fail": false,
                  "pending": false,
                  "context": null,
                  "code": "const comment = await Comment.create({\n    complaint_id: complaintId,\n    user_id: 'U001',\n    user_name: 'Test User',\n    comment: 'To be deleted'\n});\ncommentId = comment._id;",
                  "err": {},
                  "uuid": "ad6777c2-deba-4248-924a-9775f068ddfa",
                  "parentUUID": "5c549d68-9753-44fc-aa13-1b5c7a6bbb49",
                  "isHook": true,
                  "skipped": false
                }
              ],
              "afterHooks": [],
              "tests": [
                {
                  "title": "ควรลบความคิดเห็นสำเร็จ",
                  "fullTitle": "💬 ทดสอบระบบความคิดเห็น DELETE /api/comments/:id - ลบความคิดเห็น ควรลบความคิดเห็นสำเร็จ",
                  "timedOut": false,
                  "duration": 11,
                  "state": "passed",
                  "speed": "fast",
                  "pass": true,
                  "fail": false,
                  "pending": false,
                  "context": null,
                  "code": "const res = await request(app)\n    .delete(`/api/comments/${commentId}`)\n    .send({\n        user_id: 'U001'\n    });\nexpect(res.status).to.equal(200);\nconst deleted = await Comment.findById(commentId);\nexpect(deleted).to.be.null;",
                  "err": {},
                  "uuid": "56f715bf-c9d8-4e11-ad43-38c273fc5d76",
                  "parentUUID": "5c549d68-9753-44fc-aa13-1b5c7a6bbb49",
                  "isHook": false,
                  "skipped": false
                },
                {
                  "title": "ควรล้มเหลวเมื่อไม่ใช่เจ้าของ",
                  "fullTitle": "💬 ทดสอบระบบความคิดเห็น DELETE /api/comments/:id - ลบความคิดเห็น ควรล้มเหลวเมื่อไม่ใช่เจ้าของ",
                  "timedOut": false,
                  "duration": 6,
                  "state": "passed",
                  "speed": "fast",
                  "pass": true,
                  "fail": false,
                  "pending": false,
                  "context": null,
                  "code": "const res = await request(app)\n    .delete(`/api/comments/${commentId}`)\n    .send({\n        user_id: 'U999'\n    });\nexpect(res.status).to.equal(403);",
                  "err": {},
                  "uuid": "16a813e1-65bb-4e1f-8247-639adb0e5202",
                  "parentUUID": "5c549d68-9753-44fc-aa13-1b5c7a6bbb49",
                  "isHook": false,
                  "skipped": false
                }
              ],
              "suites": [],
              "passes": [
                "56f715bf-c9d8-4e11-ad43-38c273fc5d76",
                "16a813e1-65bb-4e1f-8247-639adb0e5202"
              ],
              "failures": [],
              "pending": [],
              "skipped": [],
              "duration": 17,
              "root": false,
              "rootEmpty": false,
              "_timeout": 10000
            }
          ],
          "passes": [],
          "failures": [],
          "pending": [],
          "skipped": [],
          "duration": 0,
          "root": false,
          "rootEmpty": false,
          "_timeout": 10000
        },
        {
          "uuid": "28698a75-6aff-474d-98f0-75162839123b",
          "title": "📝 ทดสอบระบบเรื่องร้องเรียน",
          "fullFile": "D:\\CSI\\dev ink\\MyUsafe-ReportProject\\backend\\tests\\complaints.test.js",
          "file": "\\tests\\complaints.test.js",
          "beforeHooks": [],
          "afterHooks": [],
          "tests": [],
          "suites": [
            {
              "uuid": "d457a789-d5a5-4838-abcf-0f38305795c5",
              "title": "POST /api/complaints - สร้างเรื่องร้องเรียนใหม่",
              "fullFile": "D:\\CSI\\dev ink\\MyUsafe-ReportProject\\backend\\tests\\complaints.test.js",
              "file": "\\tests\\complaints.test.js",
              "beforeHooks": [],
              "afterHooks": [],
              "tests": [
                {
                  "title": "ควรสร้างเรื่องร้องเรียนใหม่สำเร็จ",
                  "fullTitle": "📝 ทดสอบระบบเรื่องร้องเรียน POST /api/complaints - สร้างเรื่องร้องเรียนใหม่ ควรสร้างเรื่องร้องเรียนใหม่สำเร็จ",
                  "timedOut": false,
                  "duration": 11,
                  "state": "passed",
                  "speed": "fast",
                  "pass": true,
                  "fail": false,
                  "pending": false,
                  "context": null,
                  "code": "const complaintData = {\n    title: 'แอร์ห้องเรียนเสีย',\n    categories: ['ไฟฟ้า'],\n    description: 'แอร์ห้อง 401 เปิดไม่ติด ร้อนมาก',\n    location: JSON.stringify({\n        building: 'อาคาร 1',\n        floor: '4',\n        room: '401'\n    }),\n    user_id: 'U0000001'\n};\nconst res = await request(app)\n    .post('/api/complaints')\n    .send(complaintData);\nexpect(res.status).to.equal(201);\nexpect(res.body).to.have.property('success', true);\nexpect(res.body.data).to.have.property('complaint_id');\nexpect(res.body.data).to.have.property('title', complaintData.title);\nexpect(res.body.data).to.have.property('current_status', 'รอรับเรื่อง');\nexpect(res.body.data).to.have.property('views', 0);\nexpect(res.body.data).to.have.property('likes', 0);\nexpect(res.body.data).to.have.property('priority', 'low'); // ✅ default priority",
                  "err": {},
                  "uuid": "d7c0b39f-b745-4daa-82b7-15056e060452",
                  "parentUUID": "d457a789-d5a5-4838-abcf-0f38305795c5",
                  "isHook": false,
                  "skipped": false
                },
                {
                  "title": "ควรล้มเหลวเมื่อไม่มีหัวเรื่อง",
                  "fullTitle": "📝 ทดสอบระบบเรื่องร้องเรียน POST /api/complaints - สร้างเรื่องร้องเรียนใหม่ ควรล้มเหลวเมื่อไม่มีหัวเรื่อง",
                  "timedOut": false,
                  "duration": 4,
                  "state": "passed",
                  "speed": "fast",
                  "pass": true,
                  "fail": false,
                  "pending": false,
                  "context": null,
                  "code": "const res = await request(app)\n    .post('/api/complaints')\n    .send({\n        categories: ['ไฟฟ้า'],\n        description: 'ทดสอบ',\n        location: JSON.stringify({\n            building: 'อาคาร 1',\n            floor: '1'\n        })\n    });\nexpect(res.status).to.equal(400);\nexpect(res.body).to.have.property('error');",
                  "err": {},
                  "uuid": "d7755e2a-0840-4e7d-bf49-be82a04800d1",
                  "parentUUID": "d457a789-d5a5-4838-abcf-0f38305795c5",
                  "isHook": false,
                  "skipped": false
                },
                {
                  "title": "ควรล้มเหลวเมื่อหมวดหมู่เป็น array ว่าง",
                  "fullTitle": "📝 ทดสอบระบบเรื่องร้องเรียน POST /api/complaints - สร้างเรื่องร้องเรียนใหม่ ควรล้มเหลวเมื่อหมวดหมู่เป็น array ว่าง",
                  "timedOut": false,
                  "duration": 5,
                  "state": "passed",
                  "speed": "fast",
                  "pass": true,
                  "fail": false,
                  "pending": false,
                  "context": null,
                  "code": "const res = await request(app)\n    .post('/api/complaints')\n    .send({\n        title: 'ทดสอบไม่มีหมวดหมู่',\n        categories: [],\n        description: 'ไม่มีหมวดหมู่',\n        location: JSON.stringify({\n            building: 'อาคาร 1',\n            floor: '1'\n        })\n    });\nexpect(res.status).to.equal(400);\nexpect(res.body).to.have.property('error');",
                  "err": {},
                  "uuid": "8bff27bb-ee95-463c-82e6-886416f33518",
                  "parentUUID": "d457a789-d5a5-4838-abcf-0f38305795c5",
                  "isHook": false,
                  "skipped": false
                },
                {
                  "title": "ควรล้มเหลวเมื่อไม่มีตำแหน่ง",
                  "fullTitle": "📝 ทดสอบระบบเรื่องร้องเรียน POST /api/complaints - สร้างเรื่องร้องเรียนใหม่ ควรล้มเหลวเมื่อไม่มีตำแหน่ง",
                  "timedOut": false,
                  "duration": 4,
                  "state": "passed",
                  "speed": "fast",
                  "pass": true,
                  "fail": false,
                  "pending": false,
                  "context": null,
                  "code": "const res = await request(app)\n    .post('/api/complaints')\n    .send({\n        title: 'ทดสอบไม่มีตำแหน่ง',\n        categories: ['ทั่วไป'],\n        description: 'ไม่มีตำแหน่ง'\n    });\nexpect(res.status).to.equal(400);\nexpect(res.body).to.have.property('error');",
                  "err": {},
                  "uuid": "d3da81f9-aea9-4bc0-ab91-9d93661a352d",
                  "parentUUID": "d457a789-d5a5-4838-abcf-0f38305795c5",
                  "isHook": false,
                  "skipped": false
                },
                {
                  "title": "ควรสร้างเรื่องร้องเรียนด้วยระดับความสำคัญเริ่มต้นเป็น \"low\"",
                  "fullTitle": "📝 ทดสอบระบบเรื่องร้องเรียน POST /api/complaints - สร้างเรื่องร้องเรียนใหม่ ควรสร้างเรื่องร้องเรียนด้วยระดับความสำคัญเริ่มต้นเป็น \"low\"",
                  "timedOut": false,
                  "duration": 6,
                  "state": "passed",
                  "speed": "fast",
                  "pass": true,
                  "fail": false,
                  "pending": false,
                  "context": null,
                  "code": "const res = await request(app)\n    .post('/api/complaints')\n    .send({\n        title: 'Test Priority Default',\n        categories: ['ทั่วไป'],\n        description: 'Test default priority',\n        location: JSON.stringify({\n            building: 'อาคาร 1',\n            floor: '1',\n            room: '101'\n        }),\n        user_id: 'U001'\n    });\nexpect(res.status).to.equal(201);\nexpect(res.body.data).to.have.property('priority', 'low');",
                  "err": {},
                  "uuid": "16abd7ef-0ae0-4b80-b438-cbff85540e87",
                  "parentUUID": "d457a789-d5a5-4838-abcf-0f38305795c5",
                  "isHook": false,
                  "skipped": false
                },
                {
                  "title": "ควรสร้างเรื่องร้องเรียนที่มีหลายหมวดหมู่",
                  "fullTitle": "📝 ทดสอบระบบเรื่องร้องเรียน POST /api/complaints - สร้างเรื่องร้องเรียนใหม่ ควรสร้างเรื่องร้องเรียนที่มีหลายหมวดหมู่",
                  "timedOut": false,
                  "duration": 11,
                  "state": "passed",
                  "speed": "fast",
                  "pass": true,
                  "fail": false,
                  "pending": false,
                  "context": null,
                  "code": "const res = await request(app)\n    .post('/api/complaints')\n    .send({\n        title: 'ทดสอบหลายหมวดหมู่',\n        categories: ['ไฟฟ้า', 'น้ำท่วม'],\n        description: 'มีปัญหาหลายอย่าง',\n        location: JSON.stringify({\n            building: 'อาคาร 1',\n            floor: '1',\n            room: '101'\n        }),\n        user_id: 'U001'\n    });\nexpect(res.status).to.equal(201);\nexpect(res.body.data.categories).to.be.an('array');\nexpect(res.body.data.categories).to.have.lengthOf(2);\nexpect(res.body.data.categories).to.include('ไฟฟ้า');\nexpect(res.body.data.categories).to.include('น้ำท่วม');",
                  "err": {},
                  "uuid": "994d2b16-fe02-496f-a46d-4ef3fd67ec2f",
                  "parentUUID": "d457a789-d5a5-4838-abcf-0f38305795c5",
                  "isHook": false,
                  "skipped": false
                }
              ],
              "suites": [],
              "passes": [
                "d7c0b39f-b745-4daa-82b7-15056e060452",
                "d7755e2a-0840-4e7d-bf49-be82a04800d1",
                "8bff27bb-ee95-463c-82e6-886416f33518",
                "d3da81f9-aea9-4bc0-ab91-9d93661a352d",
                "16abd7ef-0ae0-4b80-b438-cbff85540e87",
                "994d2b16-fe02-496f-a46d-4ef3fd67ec2f"
              ],
              "failures": [],
              "pending": [],
              "skipped": [],
              "duration": 41,
              "root": false,
              "rootEmpty": false,
              "_timeout": 10000
            },
            {
              "uuid": "5233d63a-92df-4149-8199-725a6ec66281",
              "title": "GET /api/complaints - ดึงข้อมูลเรื่องร้องเรียนทั้งหมด",
              "fullFile": "D:\\CSI\\dev ink\\MyUsafe-ReportProject\\backend\\tests\\complaints.test.js",
              "file": "\\tests\\complaints.test.js",
              "beforeHooks": [
                {
                  "title": "\"before each\" hook in \"GET /api/complaints - ดึงข้อมูลเรื่องร้องเรียนทั้งหมด\"",
                  "fullTitle": "📝 ทดสอบระบบเรื่องร้องเรียน GET /api/complaints - ดึงข้อมูลเรื่องร้องเรียนทั้งหมด \"before each\" hook in \"GET /api/complaints - ดึงข้อมูลเรื่องร้องเรียนทั้งหมด\"",
                  "timedOut": false,
                  "duration": 6,
                  "state": null,
                  "speed": null,
                  "pass": false,
                  "fail": false,
                  "pending": false,
                  "context": null,
                  "code": "// สร้างข้อมูลทดสอบ\nawait Complaint.create([\n    {\n        complaint_id: 'C0000001',\n        title: 'Complaint 1',\n        categories: ['ไฟฟ้า'],\n        description: 'Test 1',\n        location: {\n            building: 'Building A',\n            floor: '1',\n            room: '101'\n        },\n        current_status: 'รอรับเรื่อง',\n        priority: 'low',\n        status_history: [\n            { status_id: 'S0001', status_name: 'รอรับเรื่อง', updated_at: new Date() }\n        ],\n        user_id: 'U0001',\n        datetime_reported: new Date(),\n        likes: 0,\n        dislikes: 0,\n        views: 0\n    },\n    {\n        complaint_id: 'C0000002',\n        title: 'Complaint 2',\n        categories: ['น้ำท่วม'],\n        description: 'Test 2',\n        location: {\n            building: 'Building B',\n            floor: '2',\n            room: '201'\n        },\n        current_status: 'กำลังดำเนินการ',\n        priority: 'medium',\n        status_history: [\n            { status_id: 'S0002', status_name: 'กำลังดำเนินการ', updated_at: new Date() }\n        ],\n        user_id: 'U0002',\n        datetime_reported: new Date(),\n        likes: 5,\n        dislikes: 1,\n        views: 10\n    },\n    {\n        complaint_id: 'C0000003',\n        title: 'Complaint 3',\n        categories: ['ไฟฟ้า'],\n        description: 'Test 3',\n        location: {\n            building: 'Building C',\n            floor: '3',\n            room: '301'\n        },\n        current_status: 'เสร็จสิ้น',\n        priority: 'high',\n        status_history: [\n            { status_id: 'S0003', status_name: 'เสร็จสิ้น', updated_at: new Date() }\n        ],\n        user_id: 'U0003',\n        datetime_reported: new Date(),\n        likes: 10,\n        dislikes: 0,\n        views: 20\n    }\n]);",
                  "err": {},
                  "uuid": "147a5189-3c74-429f-bc49-7264efd812e6",
                  "parentUUID": "5233d63a-92df-4149-8199-725a6ec66281",
                  "isHook": true,
                  "skipped": false
                }
              ],
              "afterHooks": [],
              "tests": [
                {
                  "title": "ควรดึงเรื่องร้องเรียนทั้งหมด",
                  "fullTitle": "📝 ทดสอบระบบเรื่องร้องเรียน GET /api/complaints - ดึงข้อมูลเรื่องร้องเรียนทั้งหมด ควรดึงเรื่องร้องเรียนทั้งหมด",
                  "timedOut": false,
                  "duration": 8,
                  "state": "passed",
                  "speed": "fast",
                  "pass": true,
                  "fail": false,
                  "pending": false,
                  "context": null,
                  "code": "const res = await request(app)\n    .get('/api/complaints');\nexpect(res.status).to.equal(200);\nexpect(res.body).to.have.property('success', true);\nexpect(res.body.data).to.be.an('array');\nexpect(res.body.data).to.have.lengthOf(3);",
                  "err": {},
                  "uuid": "42999b0b-27e7-4193-8233-5541775f7471",
                  "parentUUID": "5233d63a-92df-4149-8199-725a6ec66281",
                  "isHook": false,
                  "skipped": false
                },
                {
                  "title": "ควรกรองเรื่องร้องเรียนตามสถานะ",
                  "fullTitle": "📝 ทดสอบระบบเรื่องร้องเรียน GET /api/complaints - ดึงข้อมูลเรื่องร้องเรียนทั้งหมด ควรกรองเรื่องร้องเรียนตามสถานะ",
                  "timedOut": false,
                  "duration": 10,
                  "state": "passed",
                  "speed": "fast",
                  "pass": true,
                  "fail": false,
                  "pending": false,
                  "context": null,
                  "code": "const res = await request(app)\n    .get(`/api/complaints?status=${encodeURIComponent('รอรับเรื่อง')}`);\nexpect(res.status).to.equal(200);\nexpect(res.body.data).to.be.an('array');\nexpect(res.body.data).to.have.lengthOf(1);\nexpect(res.body.data[0]).to.have.property('current_status', 'รอรับเรื่อง');",
                  "err": {},
                  "uuid": "19cde273-b51e-4010-9d73-7ddd3b092ada",
                  "parentUUID": "5233d63a-92df-4149-8199-725a6ec66281",
                  "isHook": false,
                  "skipped": false
                },
                {
                  "title": "ควรกรองเรื่องร้องเรียนตามหมวดหมู่",
                  "fullTitle": "📝 ทดสอบระบบเรื่องร้องเรียน GET /api/complaints - ดึงข้อมูลเรื่องร้องเรียนทั้งหมด ควรกรองเรื่องร้องเรียนตามหมวดหมู่",
                  "timedOut": false,
                  "duration": 9,
                  "state": "passed",
                  "speed": "fast",
                  "pass": true,
                  "fail": false,
                  "pending": false,
                  "context": null,
                  "code": "const res = await request(app)\n    .get(`/api/complaints?category=${encodeURIComponent('ไฟฟ้า')}`);\nexpect(res.status).to.equal(200);\nexpect(res.body.data).to.be.an('array');\nexpect(res.body.data).to.have.lengthOf(2);\nres.body.data.forEach(complaint => {\n    expect(complaint.categories).to.include('ไฟฟ้า');\n});",
                  "err": {},
                  "uuid": "00a9036b-c9db-4949-9d40-5ad8aabca492",
                  "parentUUID": "5233d63a-92df-4149-8199-725a6ec66281",
                  "isHook": false,
                  "skipped": false
                },
                {
                  "title": "ควรค้นหาเรื่องร้องเรียนตามคำค้น",
                  "fullTitle": "📝 ทดสอบระบบเรื่องร้องเรียน GET /api/complaints - ดึงข้อมูลเรื่องร้องเรียนทั้งหมด ควรค้นหาเรื่องร้องเรียนตามคำค้น",
                  "timedOut": false,
                  "duration": 14,
                  "state": "passed",
                  "speed": "fast",
                  "pass": true,
                  "fail": false,
                  "pending": false,
                  "context": null,
                  "code": "const res = await request(app)\n    .get('/api/complaints?q=Complaint 2');\nexpect(res.status).to.equal(200);\nexpect(res.body.data).to.be.an('array');\nexpect(res.body.data).to.have.lengthOf(1);\nexpect(res.body.data[0]).to.have.property('title', 'Complaint 2');",
                  "err": {},
                  "uuid": "09760c85-2f7c-46b8-900d-3b68ae5f2dd8",
                  "parentUUID": "5233d63a-92df-4149-8199-725a6ec66281",
                  "isHook": false,
                  "skipped": false
                },
                {
                  "title": "ควรคืนเรื่องร้องเรียนทั้งหมดเมื่อสถานะเป็น \"ทั้งหมด\"",
                  "fullTitle": "📝 ทดสอบระบบเรื่องร้องเรียน GET /api/complaints - ดึงข้อมูลเรื่องร้องเรียนทั้งหมด ควรคืนเรื่องร้องเรียนทั้งหมดเมื่อสถานะเป็น \"ทั้งหมด\"",
                  "timedOut": false,
                  "duration": 11,
                  "state": "passed",
                  "speed": "fast",
                  "pass": true,
                  "fail": false,
                  "pending": false,
                  "context": null,
                  "code": "const res = await request(app)\n    .get(`/api/complaints?status=${encodeURIComponent('ทั้งหมด')}`);\nexpect(res.status).to.equal(200);\nexpect(res.body.data).to.have.lengthOf(3);",
                  "err": {},
                  "uuid": "e0a70ea0-4c18-4553-ae84-8329942b0721",
                  "parentUUID": "5233d63a-92df-4149-8199-725a6ec66281",
                  "isHook": false,
                  "skipped": false
                },
                {
                  "title": "ควรกรองเรื่องร้องเรียนตามระดับความสำคัญ",
                  "fullTitle": "📝 ทดสอบระบบเรื่องร้องเรียน GET /api/complaints - ดึงข้อมูลเรื่องร้องเรียนทั้งหมด ควรกรองเรื่องร้องเรียนตามระดับความสำคัญ",
                  "timedOut": false,
                  "duration": 7,
                  "state": "passed",
                  "speed": "fast",
                  "pass": true,
                  "fail": false,
                  "pending": false,
                  "context": null,
                  "code": "const res = await request(app)\n    .get('/api/complaints?priority=high');\nexpect(res.status).to.equal(200);\nexpect(res.body.data).to.be.an('array');\nexpect(res.body.data.length).to.be.at.least(1);\nres.body.data.forEach(complaint => {\n    expect(complaint).to.have.property('priority', 'high');\n});",
                  "err": {},
                  "uuid": "c3e043b8-837c-4fe8-955f-4561ffcaad8a",
                  "parentUUID": "5233d63a-92df-4149-8199-725a6ec66281",
                  "isHook": false,
                  "skipped": false
                },
                {
                  "title": "ควรรองรับการแบ่งหน้า",
                  "fullTitle": "📝 ทดสอบระบบเรื่องร้องเรียน GET /api/complaints - ดึงข้อมูลเรื่องร้องเรียนทั้งหมด ควรรองรับการแบ่งหน้า",
                  "timedOut": false,
                  "duration": 9,
                  "state": "failed",
                  "speed": null,
                  "pass": false,
                  "fail": true,
                  "pending": false,
                  "context": null,
                  "code": "const res = await request(app)\n    .get('/api/complaints?page=1&limit=2');\nexpect(res.status).to.equal(200);\nexpect(res.body.data).to.be.an('array');\nexpect(res.body.data.length).to.be.at.most(2);\nexpect(res.body).to.have.property('pagination');\nexpect(res.body.pagination).to.have.property('current_page', 1);\nexpect(res.body.pagination).to.have.property('total_items', 3);",
                  "err": {
                    "message": "AssertionError: expected 3 to be at most 2",
                    "estack": "AssertionError: expected 3 to be at most 2\n    at Context.<anonymous> (tests\\complaints.test.js:268:51)\n    at process.processTicksAndRejections (node:internal/process/task_queues:105:5)",
                    "diff": "- 3\n+ 2\n"
                  },
                  "uuid": "7c8263e6-3f2c-4378-9ddb-633ecb01e575",
                  "parentUUID": "5233d63a-92df-4149-8199-725a6ec66281",
                  "isHook": false,
                  "skipped": false
                }
              ],
              "suites": [],
              "passes": [
                "42999b0b-27e7-4193-8233-5541775f7471",
                "19cde273-b51e-4010-9d73-7ddd3b092ada",
                "00a9036b-c9db-4949-9d40-5ad8aabca492",
                "09760c85-2f7c-46b8-900d-3b68ae5f2dd8",
                "e0a70ea0-4c18-4553-ae84-8329942b0721",
                "c3e043b8-837c-4fe8-955f-4561ffcaad8a"
              ],
              "failures": [
                "7c8263e6-3f2c-4378-9ddb-633ecb01e575"
              ],
              "pending": [],
              "skipped": [],
              "duration": 68,
              "root": false,
              "rootEmpty": false,
              "_timeout": 10000
            },
            {
              "uuid": "45a012a5-a904-4759-bf14-3fc7d34c75f9",
              "title": "GET /api/complaints/:id - ดึงข้อมูลเรื่องร้องเรียนเดี่ยว",
              "fullFile": "D:\\CSI\\dev ink\\MyUsafe-ReportProject\\backend\\tests\\complaints.test.js",
              "file": "\\tests\\complaints.test.js",
              "beforeHooks": [
                {
                  "title": "\"before each\" hook in \"GET /api/complaints/:id - ดึงข้อมูลเรื่องร้องเรียนเดี่ยว\"",
                  "fullTitle": "📝 ทดสอบระบบเรื่องร้องเรียน GET /api/complaints/:id - ดึงข้อมูลเรื่องร้องเรียนเดี่ยว \"before each\" hook in \"GET /api/complaints/:id - ดึงข้อมูลเรื่องร้องเรียนเดี่ยว\"",
                  "timedOut": false,
                  "duration": 4,
                  "state": null,
                  "speed": null,
                  "pass": false,
                  "fail": false,
                  "pending": false,
                  "context": null,
                  "code": "const complaint = await Complaint.create({\n    complaint_id: 'C1234567',\n    title: 'Test Complaint',\n    categories: ['ทั่วไป'],\n    description: 'Test Description',\n    location: {\n        building: 'Test Building',\n        floor: '1',\n        room: '101'\n    },\n    current_status: 'รอรับเรื่อง',\n    priority: 'low',\n    status_history: [\n        { status_id: 'S0001', status_name: 'รอรับเรื่อง', updated_at: new Date() }\n    ],\n    user_id: 'U0001',\n    datetime_reported: new Date(),\n    likes: 0,\n    dislikes: 0,\n    views: 0\n});\ncomplaintId = complaint.complaint_id;",
                  "err": {},
                  "uuid": "cab93b1a-1a00-4f14-aec6-ce2de9a8249a",
                  "parentUUID": "45a012a5-a904-4759-bf14-3fc7d34c75f9",
                  "isHook": true,
                  "skipped": false
                }
              ],
              "afterHooks": [],
              "tests": [
                {
                  "title": "ควรดึงเรื่องร้องเรียนตาม ID",
                  "fullTitle": "📝 ทดสอบระบบเรื่องร้องเรียน GET /api/complaints/:id - ดึงข้อมูลเรื่องร้องเรียนเดี่ยว ควรดึงเรื่องร้องเรียนตาม ID",
                  "timedOut": false,
                  "duration": 10,
                  "state": "passed",
                  "speed": "fast",
                  "pass": true,
                  "fail": false,
                  "pending": false,
                  "context": null,
                  "code": "const res = await request(app)\n    .get(`/api/complaints/${complaintId}`);\nexpect(res.status).to.equal(200);\nexpect(res.body).to.have.property('success', true);\nexpect(res.body.data).to.have.property('complaint_id', complaintId);\nexpect(res.body.data).to.have.property('title', 'Test Complaint');",
                  "err": {},
                  "uuid": "92e87798-3304-443d-98fc-137978bc4a4a",
                  "parentUUID": "45a012a5-a904-4759-bf14-3fc7d34c75f9",
                  "isHook": false,
                  "skipped": false
                },
                {
                  "title": "ควรคืนค่า 404 สำหรับเรื่องร้องเรียนที่ไม่มีอยู่",
                  "fullTitle": "📝 ทดสอบระบบเรื่องร้องเรียน GET /api/complaints/:id - ดึงข้อมูลเรื่องร้องเรียนเดี่ยว ควรคืนค่า 404 สำหรับเรื่องร้องเรียนที่ไม่มีอยู่",
                  "timedOut": false,
                  "duration": 6,
                  "state": "passed",
                  "speed": "fast",
                  "pass": true,
                  "fail": false,
                  "pending": false,
                  "context": null,
                  "code": "const res = await request(app)\n    .get('/api/complaints/C9999999');\nexpect(res.status).to.equal(404);\nexpect(res.body).to.have.property('error');",
                  "err": {},
                  "uuid": "a5235440-4046-43e6-9d0c-47d347c5d757",
                  "parentUUID": "45a012a5-a904-4759-bf14-3fc7d34c75f9",
                  "isHook": false,
                  "skipped": false
                }
              ],
              "suites": [],
              "passes": [
                "92e87798-3304-443d-98fc-137978bc4a4a",
                "a5235440-4046-43e6-9d0c-47d347c5d757"
              ],
              "failures": [],
              "pending": [],
              "skipped": [],
              "duration": 16,
              "root": false,
              "rootEmpty": false,
              "_timeout": 10000
            },
            {
              "uuid": "5d0fa83f-3a21-41bd-840b-05d96f657732",
              "title": "PUT /api/complaints/:id - อัปเดตเรื่องร้องเรียน",
              "fullFile": "D:\\CSI\\dev ink\\MyUsafe-ReportProject\\backend\\tests\\complaints.test.js",
              "file": "\\tests\\complaints.test.js",
              "beforeHooks": [
                {
                  "title": "\"before each\" hook in \"PUT /api/complaints/:id - อัปเดตเรื่องร้องเรียน\"",
                  "fullTitle": "📝 ทดสอบระบบเรื่องร้องเรียน PUT /api/complaints/:id - อัปเดตเรื่องร้องเรียน \"before each\" hook in \"PUT /api/complaints/:id - อัปเดตเรื่องร้องเรียน\"",
                  "timedOut": false,
                  "duration": 3,
                  "state": null,
                  "speed": null,
                  "pass": false,
                  "fail": false,
                  "pending": false,
                  "context": null,
                  "code": "const complaint = await Complaint.create({\n    complaint_id: 'C1111111',\n    title: 'Update Test',\n    categories: ['ทั่วไป'],\n    description: 'Test',\n    location: {\n        building: 'Test Building',\n        floor: '1',\n        room: '101'\n    },\n    current_status: 'รอรับเรื่อง',\n    priority: 'low',\n    status_history: [\n        { status_id: 'S0001', status_name: 'รอรับเรื่อง', updated_at: new Date() }\n    ],\n    user_id: 'U0001',\n    datetime_reported: new Date(),\n    likes: 0,\n    dislikes: 0,\n    views: 0\n});\ncomplaintId = complaint.complaint_id;",
                  "err": {},
                  "uuid": "3d91ca70-4392-4747-ae3d-c9619ba4280a",
                  "parentUUID": "5d0fa83f-3a21-41bd-840b-05d96f657732",
                  "isHook": true,
                  "skipped": false
                }
              ],
              "afterHooks": [],
              "tests": [
                {
                  "title": "ควรอัปเดตสถานะเรื่องร้องเรียน",
                  "fullTitle": "📝 ทดสอบระบบเรื่องร้องเรียน PUT /api/complaints/:id - อัปเดตเรื่องร้องเรียน ควรอัปเดตสถานะเรื่องร้องเรียน",
                  "timedOut": false,
                  "duration": 12,
                  "state": "passed",
                  "speed": "fast",
                  "pass": true,
                  "fail": false,
                  "pending": false,
                  "context": null,
                  "code": "const res = await request(app)\n    .put(`/api/complaints/${complaintId}`)\n    .send({\n        status: 'กำลังดำเนินการ'\n    });\nexpect(res.status).to.equal(200);\nexpect(res.body).to.have.property('success', true);\nexpect(res.body.data).to.have.property('current_status', 'กำลังดำเนินการ');\nexpect(res.body.data.status_history).to.have.lengthOf(2);",
                  "err": {},
                  "uuid": "a3a4acda-a215-4ff2-8fe7-f42ee756bcb1",
                  "parentUUID": "5d0fa83f-3a21-41bd-840b-05d96f657732",
                  "isHook": false,
                  "skipped": false
                },
                {
                  "title": "ควรอัปเดตสถานะเป็น เสร็จสิ้น และตั้งค่าวันที่เสร็จสิ้น",
                  "fullTitle": "📝 ทดสอบระบบเรื่องร้องเรียน PUT /api/complaints/:id - อัปเดตเรื่องร้องเรียน ควรอัปเดตสถานะเป็น เสร็จสิ้น และตั้งค่าวันที่เสร็จสิ้น",
                  "timedOut": false,
                  "duration": 18,
                  "state": "passed",
                  "speed": "fast",
                  "pass": true,
                  "fail": false,
                  "pending": false,
                  "context": null,
                  "code": "// Step 1: เปลี่ยนเป็น \"กำลังดำเนินการ\" ก่อน\nawait request(app)\n    .put(`/api/complaints/${complaintId}`)\n    .send({\n        status: 'กำลังดำเนินการ'\n    });\n// Step 2: จึงค่อยเปลี่ยนเป็น \"เสร็จสิ้น\"\nconst res = await request(app)\n    .put(`/api/complaints/${complaintId}`)\n    .send({\n        status: 'เสร็จสิ้น'\n    });\nexpect(res.status).to.equal(200);\nexpect(res.body.data).to.have.property('current_status', 'เสร็จสิ้น');\nexpect(res.body.data.completed_date).to.not.equal('-');",
                  "err": {},
                  "uuid": "8c0ee8f7-2652-48c4-9e2c-82ddced51337",
                  "parentUUID": "5d0fa83f-3a21-41bd-840b-05d96f657732",
                  "isHook": false,
                  "skipped": false
                },
                {
                  "title": "ควรเพิ่มจำนวนไลค์",
                  "fullTitle": "📝 ทดสอบระบบเรื่องร้องเรียน PUT /api/complaints/:id - อัปเดตเรื่องร้องเรียน ควรเพิ่มจำนวนไลค์",
                  "timedOut": false,
                  "duration": 14,
                  "state": "passed",
                  "speed": "fast",
                  "pass": true,
                  "fail": false,
                  "pending": false,
                  "context": null,
                  "code": "const res = await request(app)\n    .put(`/api/complaints/${complaintId}`)\n    .send({\n        action: 'like'\n    });\nexpect(res.status).to.equal(200);\nexpect(res.body.data).to.have.property('likes', 1);",
                  "err": {},
                  "uuid": "48a48f70-d4cc-4943-88ec-8e3c408aca3a",
                  "parentUUID": "5d0fa83f-3a21-41bd-840b-05d96f657732",
                  "isHook": false,
                  "skipped": false
                },
                {
                  "title": "ควรเพิ่มจำนวนดิสไลค์",
                  "fullTitle": "📝 ทดสอบระบบเรื่องร้องเรียน PUT /api/complaints/:id - อัปเดตเรื่องร้องเรียน ควรเพิ่มจำนวนดิสไลค์",
                  "timedOut": false,
                  "duration": 14,
                  "state": "passed",
                  "speed": "fast",
                  "pass": true,
                  "fail": false,
                  "pending": false,
                  "context": null,
                  "code": "const res = await request(app)\n    .put(`/api/complaints/${complaintId}`)\n    .send({\n        action: 'dislike'\n    });\nexpect(res.status).to.equal(200);\nexpect(res.body.data).to.have.property('dislikes', 1);",
[...]
                  "fullTitle": "🏢 ทดสอบระบบตำแหน่งที่ตั้ง GET /api/locations/floors/:building - ดึงข้อมูลชั้นตามอาคาร ควรคืนค่า array ว่างสำหรับอาคารที่ไม่มีอยู่",
                  "timedOut": false,
                  "duration": 5,
                  "state": "passed",
                  "speed": "fast",
                  "pass": true,
                  "fail": false,
                  "pending": false,
                  "context": null,
                  "code": "const res = await request(app)\n    .get(`/api/locations/floors/${encodeURIComponent('อาคารไม่มี')}`);\nexpect(res.status).to.equal(200);\nexpect(res.body.data).to.be.an('array');\nexpect(res.body.data).to.have.lengthOf(0);",
                  "err": {},
                  "uuid": "f24d86ca-836b-4996-b431-8ff1cc72ef98",
                  "parentUUID": "86364294-b412-4239-82d2-169d45778e1d",
                  "isHook": false,
                  "skipped": false
                }
              ],
              "suites": [],
              "passes": [
                "2f04688e-5082-4843-a8ab-c908e003984d",
                "f24d86ca-836b-4996-b431-8ff1cc72ef98"
              ],
              "failures": [],
              "pending": [],
              "skipped": [],
              "duration": 11,
              "root": false,
              "rootEmpty": false,
              "_timeout": 10000
            },
            {
              "uuid": "a0e94932-0bf4-44ff-a1f6-a2c1752d89d4",
              "title": "GET /api/locations/rooms/:building/:floor - ดึงข้อมูลห้อง",
              "fullFile": "D:\\CSI\\dev ink\\MyUsafe-ReportProject\\backend\\tests\\locations.test.js",
              "file": "\\tests\\locations.test.js",
              "beforeHooks": [],
              "afterHooks": [],
              "tests": [
                {
                  "title": "ควรดึงห้องทั้งหมดของอาคารและชั้น",
                  "fullTitle": "🏢 ทดสอบระบบตำแหน่งที่ตั้ง GET /api/locations/rooms/:building/:floor - ดึงข้อมูลห้อง ควรดึงห้องทั้งหมดของอาคารและชั้น",
                  "timedOut": false,
                  "duration": 5,
                  "state": "passed",
                  "speed": "fast",
                  "pass": true,
                  "fail": false,
                  "pending": false,
                  "context": null,
                  "code": "const res = await request(app)\n    .get(`/api/locations/rooms/${encodeURIComponent('อาคาร 1')}/1`);\nexpect(res.status).to.equal(200);\nexpect(res.body).to.have.property('success', true);\nexpect(res.body.data).to.be.an('array');\nexpect(res.body.data).to.have.lengthOf(2);\nexpect(res.body.data).to.include('101');\nexpect(res.body.data).to.include('102');",
                  "err": {},
                  "uuid": "aa638480-fb05-4975-a15b-cbcf0f0ea9e7",
                  "parentUUID": "a0e94932-0bf4-44ff-a1f6-a2c1752d89d4",
                  "isHook": false,
                  "skipped": false
                },
                {
                  "title": "ควรคืนค่า array ว่างสำหรับชั้นที่ไม่มีอยู่",
                  "fullTitle": "🏢 ทดสอบระบบตำแหน่งที่ตั้ง GET /api/locations/rooms/:building/:floor - ดึงข้อมูลห้อง ควรคืนค่า array ว่างสำหรับชั้นที่ไม่มีอยู่",
                  "timedOut": false,
                  "duration": 6,
                  "state": "passed",
                  "speed": "fast",
                  "pass": true,
                  "fail": false,
                  "pending": false,
                  "context": null,
                  "code": "const res = await request(app)\n    .get(`/api/locations/rooms/${encodeURIComponent('อาคาร 1')}/99`);\nexpect(res.status).to.equal(200);\nexpect(res.body.data).to.be.an('array');\nexpect(res.body.data).to.have.lengthOf(0);",
                  "err": {},
                  "uuid": "ccf8f6eb-db47-4a2a-b816-46f0e1b334d1",
                  "parentUUID": "a0e94932-0bf4-44ff-a1f6-a2c1752d89d4",
                  "isHook": false,
                  "skipped": false
                },
                {
                  "title": "ควรกรองห้องที่ว่างออก",
                  "fullTitle": "🏢 ทดสอบระบบตำแหน่งที่ตั้ง GET /api/locations/rooms/:building/:floor - ดึงข้อมูลห้อง ควรกรองห้องที่ว่างออก",
                  "timedOut": false,
                  "duration": 5,
                  "state": "passed",
                  "speed": "fast",
                  "pass": true,
                  "fail": false,
                  "pending": false,
                  "context": null,
                  "code": "// สร้าง location ที่ไม่มีห้อง\nawait Location.create({\n    building: 'อาคาร 3',\n    floor: '1',\n    room: ''\n});\nconst res = await request(app)\n    .get(`/api/locations/rooms/${encodeURIComponent('อาคาร 3')}/1`);\nexpect(res.status).to.equal(200);\nexpect(res.body.data).to.be.an('array');\nexpect(res.body.data).to.have.lengthOf(0);",
                  "err": {},
                  "uuid": "9c419e08-c94a-42f7-9e16-133ac7e5037a",
                  "parentUUID": "a0e94932-0bf4-44ff-a1f6-a2c1752d89d4",
                  "isHook": false,
                  "skipped": false
                }
              ],
              "suites": [],
              "passes": [
                "aa638480-fb05-4975-a15b-cbcf0f0ea9e7",
                "ccf8f6eb-db47-4a2a-b816-46f0e1b334d1",
                "9c419e08-c94a-42f7-9e16-133ac7e5037a"
              ],
              "failures": [],
              "pending": [],
              "skipped": [],
              "duration": 16,
              "root": false,
              "rootEmpty": false,
              "_timeout": 10000
            },
            {
              "uuid": "60f076f2-44d5-466d-9ef1-762a67af858f",
              "title": "POST /api/locations - สร้างตำแหน่งที่ตั้งใหม่",
              "fullFile": "D:\\CSI\\dev ink\\MyUsafe-ReportProject\\backend\\tests\\locations.test.js",
              "file": "\\tests\\locations.test.js",
              "beforeHooks": [],
              "afterHooks": [],
              "tests": [
                {
                  "title": "ควรสร้างตำแหน่งที่ตั้งใหม่สำเร็จ",
                  "fullTitle": "🏢 ทดสอบระบบตำแหน่งที่ตั้ง POST /api/locations - สร้างตำแหน่งที่ตั้งใหม่ ควรสร้างตำแหน่งที่ตั้งใหม่สำเร็จ",
                  "timedOut": false,
                  "duration": 4,
                  "state": "passed",
                  "speed": "fast",
                  "pass": true,
                  "fail": false,
                  "pending": false,
                  "context": null,
                  "code": "const locationData = {\n    building: 'อาคารใหม่',\n    floor: '5',\n    room: '501'\n};\nconst res = await request(app)\n    .post('/api/locations')\n    .send(locationData);\nexpect(res.status).to.equal(201);\nexpect(res.body).to.have.property('success', true);\nexpect(res.body).to.have.property('message');\nexpect(res.body.data).to.have.property('building', locationData.building);\nexpect(res.body.data).to.have.property('floor', locationData.floor);\nexpect(res.body.data).to.have.property('room', locationData.room);",
                  "err": {},
                  "uuid": "fedd69e3-b0fd-4b13-919c-60c94e018a86",
                  "parentUUID": "60f076f2-44d5-466d-9ef1-762a67af858f",
                  "isHook": false,
                  "skipped": false
                },
                {
                  "title": "ควรสร้างตำแหน่งที่ตั้งโดยไม่มีห้อง",
                  "fullTitle": "🏢 ทดสอบระบบตำแหน่งที่ตั้ง POST /api/locations - สร้างตำแหน่งที่ตั้งใหม่ ควรสร้างตำแหน่งที่ตั้งโดยไม่มีห้อง",
                  "timedOut": false,
                  "duration": 5,
                  "state": "passed",
                  "speed": "fast",
                  "pass": true,
                  "fail": false,
                  "pending": false,
                  "context": null,
                  "code": "const res = await request(app)\n    .post('/api/locations')\n    .send({\n        building: 'อาคาร Test',\n        floor: '1'\n    });\nexpect(res.status).to.equal(201);\nexpect(res.body.data).to.have.property('room', '');",
                  "err": {},
                  "uuid": "4cc741b5-5bb6-4bd5-b7a6-007b0026c5f7",
                  "parentUUID": "60f076f2-44d5-466d-9ef1-762a67af858f",
                  "isHook": false,
                  "skipped": false
                },
                {
                  "title": "ควรล้มเหลวเมื่อไม่มีชื่ออาคาร",
                  "fullTitle": "🏢 ทดสอบระบบตำแหน่งที่ตั้ง POST /api/locations - สร้างตำแหน่งที่ตั้งใหม่ ควรล้มเหลวเมื่อไม่มีชื่ออาคาร",
                  "timedOut": false,
                  "duration": 3,
                  "state": "passed",
                  "speed": "fast",
                  "pass": true,
                  "fail": false,
                  "pending": false,
                  "context": null,
                  "code": "const res = await request(app)\n    .post('/api/locations')\n    .send({\n        floor: '1'\n    });\nexpect(res.status).to.equal(400);\nexpect(res.body).to.have.property('success', false);\nexpect(res.body).to.have.property('error');",
                  "err": {},
                  "uuid": "fffae815-9d04-4eb9-b60c-99238c7ee6b5",
                  "parentUUID": "60f076f2-44d5-466d-9ef1-762a67af858f",
                  "isHook": false,
                  "skipped": false
                },
                {
                  "title": "ควรล้มเหลวเมื่อไม่มีชั้น",
                  "fullTitle": "🏢 ทดสอบระบบตำแหน่งที่ตั้ง POST /api/locations - สร้างตำแหน่งที่ตั้งใหม่ ควรล้มเหลวเมื่อไม่มีชั้น",
                  "timedOut": false,
                  "duration": 3,
                  "state": "passed",
                  "speed": "fast",
                  "pass": true,
                  "fail": false,
                  "pending": false,
                  "context": null,
                  "code": "const res = await request(app)\n    .post('/api/locations')\n    .send({\n        building: 'อาคาร Test'\n    });\nexpect(res.status).to.equal(400);\nexpect(res.body).to.have.property('success', false);",
                  "err": {},
                  "uuid": "0103f924-9632-4d4a-a44a-81618308cff1",
                  "parentUUID": "60f076f2-44d5-466d-9ef1-762a67af858f",
                  "isHook": false,
                  "skipped": false
                }
              ],
              "suites": [],
              "passes": [
                "fedd69e3-b0fd-4b13-919c-60c94e018a86",
                "4cc741b5-5bb6-4bd5-b7a6-007b0026c5f7",
                "fffae815-9d04-4eb9-b60c-99238c7ee6b5",
                "0103f924-9632-4d4a-a44a-81618308cff1"
              ],
              "failures": [],
              "pending": [],
              "skipped": [],
              "duration": 15,
              "root": false,
              "rootEmpty": false,
              "_timeout": 10000
            }
          ],
          "passes": [],
          "failures": [],
          "pending": [],
          "skipped": [],
          "duration": 0,
          "root": false,
          "rootEmpty": false,
          "_timeout": 10000
        },
        {
          "uuid": "c9eb41a6-2299-49a5-a259-8c5433fc3532",
          "title": "🔄 ทดสอบ Status Workflow",
          "fullFile": "D:\\CSI\\dev ink\\MyUsafe-ReportProject\\backend\\tests\\status-workflow.test.js",
          "file": "\\tests\\status-workflow.test.js",
          "beforeHooks": [
            {
              "title": "\"before each\" hook in \"🔄 ทดสอบ Status Workflow\"",
              "fullTitle": "🔄 ทดสอบ Status Workflow \"before each\" hook in \"🔄 ทดสอบ Status Workflow\"",
              "timedOut": false,
              "duration": 1,
              "state": null,
              "speed": null,
              "pass": false,
              "fail": false,
              "pending": false,
              "context": null,
              "code": "const complaint = await Complaint.create({\n    complaint_id: 'C_STATUS_TEST',\n    title: 'Test Status Workflow',\n    categories: ['ทั่วไป'],\n    description: 'Test',\n    location: { building: 'A', floor: '1', room: '101' },\n    current_status: 'รอรับเรื่อง',\n    priority: 'low',\n    status_history: [{\n        status_id: 'S001',\n        status_name: 'รอรับเรื่อง',\n        updated_at: new Date()\n    }],\n    user_id: 'U001',\n    datetime_reported: new Date(),\n    likes: 0,\n    dislikes: 0,\n    views: 0\n});\ncomplaintId = complaint.complaint_id;",
              "err": {},
              "uuid": "c91a5169-ba69-440c-bb77-50687f419027",
              "parentUUID": "c9eb41a6-2299-49a5-a259-8c5433fc3532",
              "isHook": true,
              "skipped": false
            }
          ],
          "afterHooks": [],
          "tests": [],
          "suites": [
            {
              "uuid": "4eae3603-ab0a-4d5e-a673-2dd0e548e6c1",
              "title": "Status Transition Rules",
              "fullFile": "D:\\CSI\\dev ink\\MyUsafe-ReportProject\\backend\\tests\\status-workflow.test.js",
              "file": "\\tests\\status-workflow.test.js",
              "beforeHooks": [],
              "afterHooks": [],
              "tests": [
                {
                  "title": "ควรอนุญาตให้เปลี่ยนจาก รอรับเรื่อง → กำลังดำเนินการ",
                  "fullTitle": "🔄 ทดสอบ Status Workflow Status Transition Rules ควรอนุญาตให้เปลี่ยนจาก รอรับเรื่อง → กำลังดำเนินการ",
                  "timedOut": false,
                  "duration": 8,
                  "state": "passed",
                  "speed": "fast",
                  "pass": true,
                  "fail": false,
                  "pending": false,
                  "context": null,
                  "code": "const res = await request(app)\n    .put(`/api/complaints/${complaintId}`)\n    .send({\n        status: 'กำลังดำเนินการ'\n    });\nexpect(res.status).to.equal(200);\nexpect(res.body.data).to.have.property('current_status', 'กำลังดำเนินการ');",
                  "err": {},
                  "uuid": "ed177b1a-0105-46d3-8f21-45e066af54fb",
                  "parentUUID": "4eae3603-ab0a-4d5e-a673-2dd0e548e6c1",
                  "isHook": false,
                  "skipped": false
                },
                {
                  "title": "ควรอนุญาตให้เปลี่ยนจาก กำลังดำเนินการ → เสร็จสิ้น",
                  "fullTitle": "🔄 ทดสอบ Status Workflow Status Transition Rules ควรอนุญาตให้เปลี่ยนจาก กำลังดำเนินการ → เสร็จสิ้น",
                  "timedOut": false,
                  "duration": 12,
                  "state": "passed",
                  "speed": "fast",
                  "pass": true,
                  "fail": false,
                  "pending": false,
                  "context": null,
                  "code": "// เปลี่ยนเป็น กำลังดำเนินการ ก่อน\nawait Complaint.updateOne(\n    { complaint_id: complaintId },\n    { current_status: 'กำลังดำเนินการ' }\n);\nconst res = await request(app)\n    .put(`/api/complaints/${complaintId}`)\n    .send({\n        status: 'เสร็จสิ้น'\n    });\nexpect(res.status).to.equal(200);\nexpect(res.body.data).to.have.property('current_status', 'เสร็จสิ้น');\nexpect(res.body.data.completed_date).to.not.equal('-');",
                  "err": {},
                  "uuid": "c41af071-0748-41fd-824c-7c9b5b9c8921",
                  "parentUUID": "4eae3603-ab0a-4d5e-a673-2dd0e548e6c1",
                  "isHook": false,
                  "skipped": false
                },
                {
                  "title": "ไม่ควรอนุญาตให้เปลี่ยนจาก รอรับเรื่อง → เสร็จสิ้น",
                  "fullTitle": "🔄 ทดสอบ Status Workflow Status Transition Rules ไม่ควรอนุญาตให้เปลี่ยนจาก รอรับเรื่อง → เสร็จสิ้น",
                  "timedOut": false,
                  "duration": 5,
                  "state": "passed",
                  "speed": "fast",
                  "pass": true,
                  "fail": false,
                  "pending": false,
                  "context": null,
                  "code": "const res = await request(app)\n    .put(`/api/complaints/${complaintId}`)\n    .send({\n        status: 'เสร็จสิ้น'\n    });\nexpect(res.status).to.equal(400);\nexpect(res.body).to.have.property('error');\nexpect(res.body).to.have.property('allowed_transitions');",
                  "err": {},
                  "uuid": "8a77aacc-6099-4c27-86bd-28deb32ccdce",
                  "parentUUID": "4eae3603-ab0a-4d5e-a673-2dd0e548e6c1",
                  "isHook": false,
                  "skipped": false
                },
                {
                  "title": "ไม่ควรอนุญาตให้เปลี่ยนสถานะจาก เสร็จสิ้น",
                  "fullTitle": "🔄 ทดสอบ Status Workflow Status Transition Rules ไม่ควรอนุญาตให้เปลี่ยนสถานะจาก เสร็จสิ้น",
                  "timedOut": false,
                  "duration": 6,
                  "state": "passed",
                  "speed": "fast",
                  "pass": true,
                  "fail": false,
                  "pending": false,
                  "context": null,
                  "code": "await Complaint.updateOne(\n    { complaint_id: complaintId },\n    { current_status: 'เสร็จสิ้น' }\n);\nconst res = await request(app)\n    .put(`/api/complaints/${complaintId}`)\n    .send({\n        status: 'กำลังดำเนินการ'\n    });\nexpect(res.status).to.equal(400);",
                  "err": {},
                  "uuid": "b05ae18d-99cf-4016-b244-70ea34b576b6",
                  "parentUUID": "4eae3603-ab0a-4d5e-a673-2dd0e548e6c1",
                  "isHook": false,
                  "skipped": false
                },
                {
                  "title": "ควรอนุญาตให้ยกเลิกจากสถานะใดก็ได้ยกเว้น เสร็จสิ้น",
                  "fullTitle": "🔄 ทดสอบ Status Workflow Status Transition Rules ควรอนุญาตให้ยกเลิกจากสถานะใดก็ได้ยกเว้น เสร็จสิ้น",
                  "timedOut": false,
                  "duration": 8,
                  "state": "passed",
                  "speed": "fast",
                  "pass": true,
                  "fail": false,
                  "pending": false,
                  "context": null,
                  "code": "const res = await request(app)\n    .put(`/api/complaints/${complaintId}`)\n    .send({\n        status: 'ยกเลิก'\n    });\nexpect(res.status).to.equal(200);\nexpect(res.body.data).to.have.property('current_status', 'ยกเลิก');",
                  "err": {},
                  "uuid": "6321821f-d436-45d5-bd1a-7a389835c7fd",
                  "parentUUID": "4eae3603-ab0a-4d5e-a673-2dd0e548e6c1",
                  "isHook": false,
                  "skipped": false
                }
              ],
              "suites": [],
              "passes": [
                "ed177b1a-0105-46d3-8f21-45e066af54fb",
                "c41af071-0748-41fd-824c-7c9b5b9c8921",
                "8a77aacc-6099-4c27-86bd-28deb32ccdce",
                "b05ae18d-99cf-4016-b244-70ea34b576b6",
                "6321821f-d436-45d5-bd1a-7a389835c7fd"
              ],
              "failures": [],
              "pending": [],
              "skipped": [],
              "duration": 39,
              "root": false,
              "rootEmpty": false,
              "_timeout": 10000
            }
          ],
          "passes": [],
          "failures": [],
          "pending": [],
          "skipped": [],
          "duration": 0,
          "root": false,
          "rootEmpty": false,
          "_timeout": 10000
        }
      ],
      "passes": [],
      "failures": [],
      "pending": [],
      "skipped": [],
      "duration": 0,
      "root": true,
      "rootEmpty": true,
      "_timeout": 10000
    }
  ],
  "meta": {
    "mocha": {
      "version": "10.8.2"
    },
    "mochawesome": {
      "options": {
        "quiet": false,
        "reportFilename": "test-report",
        "saveHtml": true,
        "saveJson": true,
        "consoleReporter": "spec",
        "useInlineDiffs": false,
        "code": true
      },
      "version": "7.1.4"
    },
    "marge": {
      "options": {
        "reportDir": "test-reports",
        "reportFilename": "test-report"
      },
      "version": "6.3.0"
    }
  }
}