{
  "stats": {
    "suites": 30,
    "tests": 75,
    "passes": 74,
    "pending": 0,
    "failures": 1,
    "start": "2025-10-24T15:48:31.935Z",
    "end": "2025-10-24T15:48:33.440Z",
    "duration": 1505,
    "testsRegistered": 75,
    "passPercent": 98.66666666666667,
    "pendingPercent": 0,
    "other": 0,
    "hasOther": false,
    "skipped": 0,
    "hasSkipped": false
  },
  "results": [
    {
      "uuid": "73002910-f413-492d-bc04-fbaa211c9b50",
      "title": "",
      "fullFile": "",
      "file": "",
      "beforeHooks": [
        {
          "title": "\"before all\" hook in \"{root}\"",
          "fullTitle": "\"before all\" hook in \"{root}\"",
          "timedOut": false,
          "duration": 24,
          "state": null,
          "speed": null,
          "pass": false,
          "fail": false,
          "pending": false,
          "context": null,
          "code": "this.timeout(10000);\ntry {\n  await connectTestDb();\n} catch (error) {\n  console.error('❌ เกิดข้อผิดพลาดในการเชื่อมต่อฐานข้อมูลทดสอบ:', error);\n  process.exit(1);\n}",
          "err": {},
          "uuid": "acb9cf15-f26a-4563-a9be-c3c3e11d2787",
          "parentUUID": "73002910-f413-492d-bc04-fbaa211c9b50",
          "isHook": true,
          "skipped": false
        }
      ],
      "afterHooks": [
        {
          "title": "\"after all\" hook in \"{root}\"",
          "fullTitle": "\"after all\" hook in \"{root}\"",
          "timedOut": false,
          "duration": 6,
          "state": null,
          "speed": null,
          "pass": false,
          "fail": false,
          "pending": false,
          "context": null,
          "code": "try {\n  await closeTestDb();\n} catch (error) {\n  console.error('เกิดข้อผิดพลาดในการปิดฐานข้อมูลทดสอบ:', error);\n}",
          "err": {},
          "uuid": "17f17533-0117-4384-93eb-d616cb00faf2",
          "parentUUID": "73002910-f413-492d-bc04-fbaa211c9b50",
          "isHook": true,
          "skipped": false
        },
        {
          "title": "\"after each\" hook in \"{root}\"",
          "fullTitle": "\"after each\" hook in \"{root}\"",
          "timedOut": false,
          "duration": 3,
          "state": null,
          "speed": null,
          "pass": false,
          "fail": false,
          "pending": false,
          "context": null,
          "code": "await clearAllCollections();",
          "err": {},
          "uuid": "64907430-95ad-4096-94ca-4339b730cb8a",
          "parentUUID": "73002910-f413-492d-bc04-fbaa211c9b50",
          "isHook": true,
          "skipped": false
        }
      ],
      "tests": [],
      "suites": [
        {
          "uuid": "ee1a734a-7a19-4025-bacd-12922acfa659",
          "title": "👤 ทดสอบระบบการมอบหมายงาน",
          "fullFile": "C:\\Work\\MyUsafe-ReportProject\\backend\\tests\\assignments.test.js",
          "file": "\\tests\\assignments.test.js",
          "beforeHooks": [
            {
              "title": "\"before each\" hook in \"👤 ทดสอบระบบการมอบหมายงาน\"",
              "fullTitle": "👤 ทดสอบระบบการมอบหมายงาน \"before each\" hook in \"👤 ทดสอบระบบการมอบหมายงาน\"",
              "timedOut": false,
              "duration": 2,
              "state": null,
              "speed": null,
              "pass": false,
              "fail": false,
              "pending": false,
              "context": null,
              "code": "const complaint = await Complaint.create({\n    complaint_id: 'C_ASSIGN_TEST',\n    title: 'Test Complaint for Assignment',\n    categories: ['ไฟฟ้า'],\n    description: 'Test assignment',\n    location: {\n        building: 'อาคาร 1',\n        floor: '2',\n        room: '201'\n    },\n    current_status: 'รอรับเรื่อง',\n    priority: 'medium',\n    status_history: [{\n        status_id: 'S001',\n        status_name: 'รอรับเรื่อง',\n        updated_at: new Date()\n    }],\n    user_id: 'U001',\n    datetime_reported: new Date(),\n    likes: 0,\n    dislikes: 0,\n    views: 0\n});\ncomplaintId = complaint.complaint_id;",
              "err": {},
              "uuid": "1f120e96-1f90-44ea-a8a7-de59d7a673e3",
              "parentUUID": "ee1a734a-7a19-4025-bacd-12922acfa659",
              "isHook": true,
              "skipped": false
            }
          ],
          "afterHooks": [],
          "tests": [],
          "suites": [
            {
              "uuid": "c9832504-059f-49f9-98d1-118120c2a8c8",
              "title": "POST /api/assignments/:id/assign - มอบหมายงาน",
              "fullFile": "C:\\Work\\MyUsafe-ReportProject\\backend\\tests\\assignments.test.js",
              "file": "\\tests\\assignments.test.js",
              "beforeHooks": [],
              "afterHooks": [],
              "tests": [
                {
                  "title": "ควรมอบหมายงานสำเร็จ",
                  "fullTitle": "👤 ทดสอบระบบการมอบหมายงาน POST /api/assignments/:id/assign - มอบหมายงาน ควรมอบหมายงานสำเร็จ",
                  "timedOut": false,
                  "duration": 49,
                  "state": "passed",
                  "speed": "medium",
                  "pass": true,
                  "fail": false,
                  "pending": false,
                  "context": null,
                  "code": "const res = await request(app)\n    .post(`/api/assignments/${complaintId}/assign`)\n    .send({\n        assigned_to: 'STAFF001',\n        assigned_by: 'ADMIN001'\n    });\nexpect(res.status).to.equal(200);\nexpect(res.body).to.have.property('success', true);\nexpect(res.body.data).to.have.property('assigned_to', 'STAFF001');\nexpect(res.body.data).to.have.property('assigned_by', 'ADMIN001');\nexpect(res.body.data).to.have.property('assigned_at');",
                  "err": {},
                  "uuid": "454b7193-f046-43c9-90ba-71e34cfd3ac7",
                  "parentUUID": "c9832504-059f-49f9-98d1-118120c2a8c8",
                  "isHook": false,
                  "skipped": false
                },
                {
                  "title": "ควรเปลี่ยนสถานะเป็น \"กำลังดำเนินการ\" หลังมอบหมาย",
                  "fullTitle": "👤 ทดสอบระบบการมอบหมายงาน POST /api/assignments/:id/assign - มอบหมายงาน ควรเปลี่ยนสถานะเป็น \"กำลังดำเนินการ\" หลังมอบหมาย",
                  "timedOut": false,
                  "duration": 40,
                  "state": "passed",
                  "speed": "medium",
                  "pass": true,
                  "fail": false,
                  "pending": false,
                  "context": null,
                  "code": "const res = await request(app)\n    .post(`/api/assignments/${complaintId}/assign`)\n    .send({\n        assigned_to: 'STAFF001'\n    });\nexpect(res.status).to.equal(200);\nexpect(res.body.data).to.have.property('current_status', 'กำลังดำเนินการ');\nexpect(res.body.data.status_history).to.have.lengthOf(2);",
                  "err": {},
                  "uuid": "74291662-98f5-4a82-bc05-37ad5d79d57a",
                  "parentUUID": "c9832504-059f-49f9-98d1-118120c2a8c8",
                  "isHook": false,
                  "skipped": false
                },
                {
                  "title": "ควรล้มเหลวเมื่อไม่ระบุเจ้าหน้าที่",
                  "fullTitle": "👤 ทดสอบระบบการมอบหมายงาน POST /api/assignments/:id/assign - มอบหมายงาน ควรล้มเหลวเมื่อไม่ระบุเจ้าหน้าที่",
                  "timedOut": false,
                  "duration": 4,
                  "state": "passed",
                  "speed": "fast",
                  "pass": true,
                  "fail": false,
                  "pending": false,
                  "context": null,
                  "code": "const res = await request(app)\n    .post(`/api/assignments/${complaintId}/assign`)\n    .send({});\nexpect(res.status).to.equal(400);",
                  "err": {},
                  "uuid": "f6815cda-0f3a-44a0-baf5-b8f839f812b2",
                  "parentUUID": "c9832504-059f-49f9-98d1-118120c2a8c8",
                  "isHook": false,
                  "skipped": false
                },
                {
                  "title": "ควรล้มเหลวเมื่อเรื่องร้องเรียนไม่มีอยู่",
                  "fullTitle": "👤 ทดสอบระบบการมอบหมายงาน POST /api/assignments/:id/assign - มอบหมายงาน ควรล้มเหลวเมื่อเรื่องร้องเรียนไม่มีอยู่",
                  "timedOut": false,
                  "duration": 5,
                  "state": "passed",
                  "speed": "fast",
                  "pass": true,
                  "fail": false,
                  "pending": false,
                  "context": null,
                  "code": "const res = await request(app)\n    .post('/api/assignments/C_NOTEXIST/assign')\n    .send({\n        assigned_to: 'STAFF001'\n    });\nexpect(res.status).to.equal(404);",
                  "err": {},
                  "uuid": "ef488304-a5ef-4cd7-9417-91489fbe8e10",
                  "parentUUID": "c9832504-059f-49f9-98d1-118120c2a8c8",
                  "isHook": false,
                  "skipped": false
                }
              ],
              "suites": [],
              "passes": [
                "454b7193-f046-43c9-90ba-71e34cfd3ac7",
                "74291662-98f5-4a82-bc05-37ad5d79d57a",
                "f6815cda-0f3a-44a0-baf5-b8f839f812b2",
                "ef488304-a5ef-4cd7-9417-91489fbe8e10"
              ],
              "failures": [],
              "pending": [],
              "skipped": [],
              "duration": 98,
              "root": false,
              "rootEmpty": false,
              "_timeout": 10000
            },
            {
              "uuid": "c3b1b538-25a5-4f1e-b3f7-b02969d3c7a2",
              "title": "GET /api/assignments/staff/:staffId - ดึงงานที่มอบหมาย",
              "fullFile": "C:\\Work\\MyUsafe-ReportProject\\backend\\tests\\assignments.test.js",
              "file": "\\tests\\assignments.test.js",
              "beforeHooks": [
                {
                  "title": "\"before each\" hook in \"GET /api/assignments/staff/:staffId - ดึงงานที่มอบหมาย\"",
                  "fullTitle": "👤 ทดสอบระบบการมอบหมายงาน GET /api/assignments/staff/:staffId - ดึงงานที่มอบหมาย \"before each\" hook in \"GET /api/assignments/staff/:staffId - ดึงงานที่มอบหมาย\"",
                  "timedOut": false,
                  "duration": 3,
                  "state": null,
                  "speed": null,
                  "pass": false,
                  "fail": false,
                  "pending": false,
                  "context": null,
                  "code": "// สร้างเรื่องร้องเรียนที่มอบหมายแล้ว\nawait Complaint.create([\n    {\n        complaint_id: 'C_ASSIGN_1',\n        title: 'Assigned 1',\n        categories: ['ไฟฟ้า'],\n        location: { building: 'A', floor: '1', room: '101' },\n        current_status: 'กำลังดำเนินการ',\n        priority: 'high',\n        status_history: [{ status_id: 'S001', status_name: 'กำลังดำเนินการ', updated_at: new Date() }],\n        user_id: 'U001',\n        assigned_to: 'STAFF001',\n        assigned_at: new Date(),\n        datetime_reported: new Date(),\n        likes: 0,\n        dislikes: 0,\n        views: 0\n    },\n    {\n        complaint_id: 'C_ASSIGN_2',\n        title: 'Assigned 2',\n        categories: ['น้ำท่วม'],\n        location: { building: 'B', floor: '2', room: '201' },\n        current_status: 'กำลังดำเนินการ',\n        priority: 'urgent',\n        status_history: [{ status_id: 'S002', status_name: 'กำลังดำเนินการ', updated_at: new Date() }],\n        user_id: 'U002',\n        assigned_to: 'STAFF001',\n        assigned_at: new Date(),\n        datetime_reported: new Date(),\n        likes: 0,\n        dislikes: 0,\n        views: 0\n    }\n]);",
                  "err": {},
                  "uuid": "5edcc2b9-a1de-42ba-8eb9-57d3e944a352",
                  "parentUUID": "c3b1b538-25a5-4f1e-b3f7-b02969d3c7a2",
                  "isHook": true,
                  "skipped": false
                }
              ],
              "afterHooks": [],
              "tests": [
                {
                  "title": "ควรดึงงานที่มอบหมายให้เจ้าหน้าที่ทั้งหมด",
                  "fullTitle": "👤 ทดสอบระบบการมอบหมายงาน GET /api/assignments/staff/:staffId - ดึงงานที่มอบหมาย ควรดึงงานที่มอบหมายให้เจ้าหน้าที่ทั้งหมด",
                  "timedOut": false,
                  "duration": 39,
                  "state": "passed",
                  "speed": "medium",
                  "pass": true,
                  "fail": false,
                  "pending": false,
                  "context": null,
                  "code": "const res = await request(app)\n    .get('/api/assignments/staff/STAFF001');\nexpect(res.status).to.equal(200);\nexpect(res.body.data).to.be.an('array');\nexpect(res.body.data).to.have.lengthOf(2);\nexpect(res.body).to.have.property('count', 2);",
                  "err": {},
                  "uuid": "2847c271-00cf-4b01-bcd4-5511738cb4ca",
                  "parentUUID": "c3b1b538-25a5-4f1e-b3f7-b02969d3c7a2",
                  "isHook": false,
                  "skipped": false
                },
                {
                  "title": "ควรคืนค่า array ว่างเมื่อไม่มีงาน",
                  "fullTitle": "👤 ทดสอบระบบการมอบหมายงาน GET /api/assignments/staff/:staffId - ดึงงานที่มอบหมาย ควรคืนค่า array ว่างเมื่อไม่มีงาน",
                  "timedOut": false,
                  "duration": 5,
                  "state": "passed",
                  "speed": "fast",
                  "pass": true,
                  "fail": false,
                  "pending": false,
                  "context": null,
                  "code": "const res = await request(app)\n    .get('/api/assignments/staff/STAFF999');\nexpect(res.status).to.equal(200);\nexpect(res.body.data).to.have.lengthOf(0);",
                  "err": {},
                  "uuid": "b57128e2-b154-4e13-b0df-91a72f4ffdcb",
                  "parentUUID": "c3b1b538-25a5-4f1e-b3f7-b02969d3c7a2",
                  "isHook": false,
                  "skipped": false
                }
              ],
              "suites": [],
              "passes": [
                "2847c271-00cf-4b01-bcd4-5511738cb4ca",
                "b57128e2-b154-4e13-b0df-91a72f4ffdcb"
              ],
              "failures": [],
              "pending": [],
              "skipped": [],
              "duration": 44,
              "root": false,
              "rootEmpty": false,
              "_timeout": 10000
            },
            {
              "uuid": "d028d3c3-d76f-46d6-afd1-c7b29f6e0171",
              "title": "DELETE /api/assignments/:id/unassign - ยกเลิกการมอบหมาย",
              "fullFile": "C:\\Work\\MyUsafe-ReportProject\\backend\\tests\\assignments.test.js",
              "file": "\\tests\\assignments.test.js",
              "beforeHooks": [
                {
                  "title": "\"before each\" hook in \"DELETE /api/assignments/:id/unassign - ยกเลิกการมอบหมาย\"",
                  "fullTitle": "👤 ทดสอบระบบการมอบหมายงาน DELETE /api/assignments/:id/unassign - ยกเลิกการมอบหมาย \"before each\" hook in \"DELETE /api/assignments/:id/unassign - ยกเลิกการมอบหมาย\"",
                  "timedOut": false,
                  "duration": 5,
                  "state": null,
                  "speed": null,
                  "pass": false,
                  "fail": false,
                  "pending": false,
                  "context": null,
                  "code": "await Complaint.updateOne(\n    { complaint_id: complaintId },\n    {\n        assigned_to: 'STAFF001',\n        assigned_at: new Date(),\n        assigned_by: 'ADMIN001'\n    }\n);",
                  "err": {},
                  "uuid": "0c75d676-ee36-4421-8fdc-d068453f9c92",
                  "parentUUID": "d028d3c3-d76f-46d6-afd1-c7b29f6e0171",
                  "isHook": true,
                  "skipped": false
                }
              ],
              "afterHooks": [],
              "tests": [
                {
                  "title": "ควรยกเลิกการมอบหมายสำเร็จ",
                  "fullTitle": "👤 ทดสอบระบบการมอบหมายงาน DELETE /api/assignments/:id/unassign - ยกเลิกการมอบหมาย ควรยกเลิกการมอบหมายสำเร็จ",
                  "timedOut": false,
                  "duration": 7,
                  "state": "passed",
                  "speed": "fast",
                  "pass": true,
                  "fail": false,
                  "pending": false,
                  "context": null,
                  "code": "const res = await request(app)\n    .delete(`/api/assignments/${complaintId}/unassign`);\nexpect(res.status).to.equal(200);\nexpect(res.body.data).to.have.property('assigned_to', null);\nexpect(res.body.data).to.have.property('assigned_at', null);\nexpect(res.body.data).to.have.property('assigned_by', null);",
                  "err": {},
                  "uuid": "d61d429d-8397-47c3-b354-3df0535db5da",
                  "parentUUID": "d028d3c3-d76f-46d6-afd1-c7b29f6e0171",
                  "isHook": false,
                  "skipped": false
                }
              ],
              "suites": [],
              "passes": [
                "d61d429d-8397-47c3-b354-3df0535db5da"
              ],
              "failures": [],
              "pending": [],
              "skipped": [],
              "duration": 7,
              "root": false,
              "rootEmpty": false,
              "_timeout": 10000
            }
          ],
          "passes": [],
          "failures": [],
          "pending": [],
          "skipped": [],
          "duration": 0,
          "root": false,
          "rootEmpty": false,
          "_timeout": 10000
        },
        {
          "uuid": "3d208361-507a-44ed-923d-4d396760e4d7",
          "title": "📂 ทดสอบระบบหมวดหมู่",
          "fullFile": "C:\\Work\\MyUsafe-ReportProject\\backend\\tests\\categories.test.js",
          "file": "\\tests\\categories.test.js",
          "beforeHooks": [
            {
              "title": "\"before each\" hook in \"📂 ทดสอบระบบหมวดหมู่\"",
              "fullTitle": "📂 ทดสอบระบบหมวดหมู่ \"before each\" hook in \"📂 ทดสอบระบบหมวดหมู่\"",
              "timedOut": false,
              "duration": 2,
              "state": null,
              "speed": null,
              "pass": false,
              "fail": false,
              "pending": false,
              "context": null,
              "code": "// สร้างข้อมูลทดสอบ\nawait Category.create([\n    { name: 'น้ำท่วม', description: 'ปัญหาน้ำท่วม น้ำรั่ว' },\n    { name: 'ไฟฟ้า', description: 'ปัญหาไฟฟ้า แอร์ หลอดไฟ' },\n    { name: 'คอมพิวเตอร์', description: 'ปัญหาคอมพิวเตอร์ อินเทอร์เน็ต' }\n]);",
              "err": {},
              "uuid": "018d6562-b4f2-4d2f-87d2-37978007ddeb",
              "parentUUID": "3d208361-507a-44ed-923d-4d396760e4d7",
              "isHook": true,
              "skipped": false
            }
          ],
          "afterHooks": [],
          "tests": [],
          "suites": [
            {
              "uuid": "62805666-dc5a-4df7-8e58-60043f4fe006",
              "title": "GET /api/categories - ดึงข้อมูลหมวดหมู่ทั้งหมด",
              "fullFile": "C:\\Work\\MyUsafe-ReportProject\\backend\\tests\\categories.test.js",
              "file": "\\tests\\categories.test.js",
              "beforeHooks": [],
              "afterHooks": [],
              "tests": [
                {
                  "title": "ควรดึงหมวดหมู่ทั้งหมดที่เรียงตามชื่อ",
                  "fullTitle": "📂 ทดสอบระบบหมวดหมู่ GET /api/categories - ดึงข้อมูลหมวดหมู่ทั้งหมด ควรดึงหมวดหมู่ทั้งหมดที่เรียงตามชื่อ",
                  "timedOut": false,
                  "duration": 7,
                  "state": "passed",
                  "speed": "fast",
                  "pass": true,
                  "fail": false,
                  "pending": false,
                  "context": null,
                  "code": "const res = await request(app)\n    .get('/api/categories');\nexpect(res.status).to.equal(200);\nexpect(res.body).to.have.property('success', true);\nexpect(res.body.data).to.be.an('array');\nexpect(res.body.data).to.have.lengthOf(3);\n// ตรวจสอบว่าเรียงลำดับตาม name\nexpect(res.body.data[0]).to.have.property('name');\nexpect(res.body.data[0]).to.have.property('description');",
                  "err": {},
                  "uuid": "3923a615-3516-4c43-9243-3e6cec6b980f",
                  "parentUUID": "62805666-dc5a-4df7-8e58-60043f4fe006",
                  "isHook": false,
                  "skipped": false
                },
                {
                  "title": "ควรคืนค่า array ว่างเมื่อไม่มีหมวดหมู่",
                  "fullTitle": "📂 ทดสอบระบบหมวดหมู่ GET /api/categories - ดึงข้อมูลหมวดหมู่ทั้งหมด ควรคืนค่า array ว่างเมื่อไม่มีหมวดหมู่",
                  "timedOut": false,
                  "duration": 9,
                  "state": "passed",
                  "speed": "fast",
                  "pass": true,
                  "fail": false,
                  "pending": false,
                  "context": null,
                  "code": "await Category.deleteMany({});\nconst res = await request(app)\n    .get('/api/categories');\nexpect(res.status).to.equal(200);\nexpect(res.body.data).to.be.an('array');\nexpect(res.body.data).to.have.lengthOf(0);",
                  "err": {},
                  "uuid": "98b059eb-a8c0-4aaf-823a-c7eaa15c149c",
                  "parentUUID": "62805666-dc5a-4df7-8e58-60043f4fe006",
                  "isHook": false,
                  "skipped": false
                }
              ],
              "suites": [],
              "passes": [
                "3923a615-3516-4c43-9243-3e6cec6b980f",
                "98b059eb-a8c0-4aaf-823a-c7eaa15c149c"
              ],
              "failures": [],
              "pending": [],
              "skipped": [],
              "duration": 16,
              "root": false,
              "rootEmpty": false,
              "_timeout": 10000
            },
            {
              "uuid": "ade24dec-4f1f-41ee-a483-456fcb7dc3ba",
              "title": "POST /api/categories - สร้างหมวดหมู่ใหม่",
              "fullFile": "C:\\Work\\MyUsafe-ReportProject\\backend\\tests\\categories.test.js",
              "file": "\\tests\\categories.test.js",
              "beforeHooks": [],
              "afterHooks": [],
              "tests": [
                {
                  "title": "ควรสร้างหมวดหมู่ใหม่สำเร็จ",
                  "fullTitle": "📂 ทดสอบระบบหมวดหมู่ POST /api/categories - สร้างหมวดหมู่ใหม่ ควรสร้างหมวดหมู่ใหม่สำเร็จ",
                  "timedOut": false,
                  "duration": 5,
                  "state": "passed",
                  "speed": "fast",
                  "pass": true,
                  "fail": false,
                  "pending": false,
                  "context": null,
                  "code": "const categoryData = {\n    name: 'ทั่วไป',\n    description: 'เรื่องทั่วไปอื่นๆ'\n};\nconst res = await request(app)\n    .post('/api/categories')\n    .send(categoryData);\nexpect(res.status).to.equal(201);\nexpect(res.body).to.have.property('success', true);\nexpect(res.body).to.have.property('message');\nexpect(res.body.data).to.have.property('name', categoryData.name);\nexpect(res.body.data).to.have.property('description', categoryData.description);",
                  "err": {},
                  "uuid": "b030880e-191b-48b9-9419-c104418cf38f",
                  "parentUUID": "ade24dec-4f1f-41ee-a483-456fcb7dc3ba",
                  "isHook": false,
                  "skipped": false
                },
                {
                  "title": "ควรสร้างหมวดหมู่ได้โดยไม่มี description",
                  "fullTitle": "📂 ทดสอบระบบหมวดหมู่ POST /api/categories - สร้างหมวดหมู่ใหม่ ควรสร้างหมวดหมู่ได้โดยไม่มี description",
                  "timedOut": false,
                  "duration": 5,
                  "state": "passed",
                  "speed": "fast",
                  "pass": true,
                  "fail": false,
                  "pending": false,
                  "context": null,
                  "code": "const res = await request(app)\n    .post('/api/categories')\n    .send({\n        name: 'อื่นๆ'\n    });\nexpect(res.status).to.equal(201);\nexpect(res.body.data).to.have.property('description', '');",
                  "err": {},
                  "uuid": "56e61231-0568-4871-be17-48189a2832ad",
                  "parentUUID": "ade24dec-4f1f-41ee-a483-456fcb7dc3ba",
                  "isHook": false,
                  "skipped": false
                },
                {
                  "title": "ควรล้มเหลวเมื่อไม่มีชื่อหมวดหมู่",
                  "fullTitle": "📂 ทดสอบระบบหมวดหมู่ POST /api/categories - สร้างหมวดหมู่ใหม่ ควรล้มเหลวเมื่อไม่มีชื่อหมวดหมู่",
                  "timedOut": false,
                  "duration": 3,
                  "state": "passed",
                  "speed": "fast",
                  "pass": true,
                  "fail": false,
                  "pending": false,
                  "context": null,
                  "code": "const res = await request(app)\n    .post('/api/categories')\n    .send({\n        description: 'Test'\n    });\nexpect(res.status).to.equal(400);\nexpect(res.body).to.have.property('success', false);\nexpect(res.body).to.have.property('error');",
                  "err": {},
                  "uuid": "073c5bbe-c5bf-4e20-9b6f-b74517de66ba",
                  "parentUUID": "ade24dec-4f1f-41ee-a483-456fcb7dc3ba",
                  "isHook": false,
                  "skipped": false
                },
                {
                  "title": "ควรล้มเหลวเมื่อชื่อหมวดหมู่เป็น string ว่าง",
                  "fullTitle": "📂 ทดสอบระบบหมวดหมู่ POST /api/categories - สร้างหมวดหมู่ใหม่ ควรล้มเหลวเมื่อชื่อหมวดหมู่เป็น string ว่าง",
                  "timedOut": false,
                  "duration": 2,
                  "state": "passed",
                  "speed": "fast",
                  "pass": true,
                  "fail": false,
                  "pending": false,
                  "context": null,
                  "code": "const res = await request(app)\n    .post('/api/categories')\n    .send({\n        name: '   ',\n        description: 'Test'\n    });\nexpect(res.status).to.equal(400);\nexpect(res.body).to.have.property('success', false);",
                  "err": {},
                  "uuid": "59fe1ce0-bb8d-47b1-9767-9bcd2800e27a",
                  "parentUUID": "ade24dec-4f1f-41ee-a483-456fcb7dc3ba",
                  "isHook": false,
                  "skipped": false
                },
                {
                  "title": "ควรล้มเหลวเมื่อชื่อหมวดหมู่ซ้ำกับที่มีอยู่แล้ว",
                  "fullTitle": "📂 ทดสอบระบบหมวดหมู่ POST /api/categories - สร้างหมวดหมู่ใหม่ ควรล้มเหลวเมื่อชื่อหมวดหมู่ซ้ำกับที่มีอยู่แล้ว",
                  "timedOut": false,
                  "duration": 4,
                  "state": "passed",
                  "speed": "fast",
                  "pass": true,
                  "fail": false,
                  "pending": false,
                  "context": null,
                  "code": "const res = await request(app)\n    .post('/api/categories')\n    .send({\n        name: 'น้ำท่วม',\n        description: 'ซ้ำกับที่มีอยู่แล้ว'\n    });\nexpect(res.status).to.equal(400);\nexpect(res.body).to.have.property('success', false);\nexpect(res.body).to.have.property('error', 'มีหมวดหมู่นี้อยู่แล้ว');",
                  "err": {},
                  "uuid": "c3c459f6-4bf7-41f7-8d97-193162428e54",
                  "parentUUID": "ade24dec-4f1f-41ee-a483-456fcb7dc3ba",
                  "isHook": false,
                  "skipped": false
                },
                {
                  "title": "ควรตัดช่องว่างออกจากชื่อหมวดหมู่",
                  "fullTitle": "📂 ทดสอบระบบหมวดหมู่ POST /api/categories - สร้างหมวดหมู่ใหม่ ควรตัดช่องว่างออกจากชื่อหมวดหมู่",
                  "timedOut": false,
                  "duration": 5,
                  "state": "passed",
                  "speed": "fast",
                  "pass": true,
                  "fail": false,
                  "pending": false,
                  "context": null,
                  "code": "const res = await request(app)\n    .post('/api/categories')\n    .send({\n        name: '  ทดสอบ  ',\n        description: 'Test trim'\n    });\nexpect(res.status).to.equal(201);\nexpect(res.body.data).to.have.property('name', 'ทดสอบ');",
                  "err": {},
                  "uuid": "544640f4-af77-46aa-896c-273a3ed4ea3a",
                  "parentUUID": "ade24dec-4f1f-41ee-a483-456fcb7dc3ba",
                  "isHook": false,
                  "skipped": false
                }
              ],
              "suites": [],
              "passes": [
                "b030880e-191b-48b9-9419-c104418cf38f",
                "56e61231-0568-4871-be17-48189a2832ad",
                "073c5bbe-c5bf-4e20-9b6f-b74517de66ba",
                "59fe1ce0-bb8d-47b1-9767-9bcd2800e27a",
                "c3c459f6-4bf7-41f7-8d97-193162428e54",
                "544640f4-af77-46aa-896c-273a3ed4ea3a"
              ],
              "failures": [],
              "pending": [],
              "skipped": [],
              "duration": 24,
              "root": false,
              "rootEmpty": false,
              "_timeout": 10000
            }
          ],
          "passes": [],
          "failures": [],
          "pending": [],
          "skipped": [],
          "duration": 0,
          "root": false,
          "rootEmpty": false,
          "_timeout": 10000
        },
        {
          "uuid": "8b51ee18-1ce8-4631-9425-740f4f5b8a33",
          "title": "💬 ทดสอบระบบความคิดเห็น",
          "fullFile": "C:\\Work\\MyUsafe-ReportProject\\backend\\tests\\comments.test.js",
          "file": "\\tests\\comments.test.js",
          "beforeHooks": [
            {
              "title": "\"before each\" hook in \"💬 ทดสอบระบบความคิดเห็น\"",
              "fullTitle": "💬 ทดสอบระบบความคิดเห็น \"before each\" hook in \"💬 ทดสอบระบบความคิดเห็น\"",
              "timedOut": false,
              "duration": 2,
              "state": null,
              "speed": null,
              "pass": false,
              "fail": false,
              "pending": false,
              "context": null,
              "code": "// สร้าง complaint ทดสอบ\nconst complaint = await Complaint.create({\n    complaint_id: 'C_COMMENT_TEST',\n    title: 'Test Complaint for Comments',\n    categories: ['ทั่วไป'],\n    description: 'Test',\n    location: {\n        building: 'Test Building',\n        floor: '1',\n        room: '101'\n    },\n    current_status: 'รอรับเรื่อง',\n    priority: 'low',\n    status_history: [{\n        status_id: 'S001',\n        status_name: 'รอรับเรื่อง',\n        updated_at: new Date()\n    }],\n    user_id: 'U001',\n    datetime_reported: new Date(),\n    likes: 0,\n    dislikes: 0,\n    views: 0\n});\ncomplaintId = complaint.complaint_id;",
              "err": {},
              "uuid": "44ba3074-840a-4b1b-8c8e-4d69ca99d1ff",
              "parentUUID": "8b51ee18-1ce8-4631-9425-740f4f5b8a33",
              "isHook": true,
              "skipped": false
            }
          ],
          "afterHooks": [],
          "tests": [],
          "suites": [
            {
              "uuid": "3b439936-4dc1-4cf1-acd7-5604ad204c4b",
              "title": "POST /api/comments - เพิ่มความคิดเห็น",
              "fullFile": "C:\\Work\\MyUsafe-ReportProject\\backend\\tests\\comments.test.js",
              "file": "\\tests\\comments.test.js",
              "beforeHooks": [],
              "afterHooks": [],
              "tests": [
                {
                  "title": "ควรเพิ่มความคิดเห็นใหม่สำเร็จ",
                  "fullTitle": "💬 ทดสอบระบบความคิดเห็น POST /api/comments - เพิ่มความคิดเห็น ควรเพิ่มความคิดเห็นใหม่สำเร็จ",
                  "timedOut": false,
                  "duration": 8,
                  "state": "passed",
                  "speed": "fast",
                  "pass": true,
                  "fail": false,
                  "pending": false,
                  "context": null,
                  "code": "const commentData = {\n    complaint_id: complaintId,\n    user_id: 'U001',\n    user_name: 'Test User',\n    user_role: 'reporter',\n    comment: 'นี่คือความคิดเห็นทดสอบ'\n};\nconst res = await request(app)\n    .post('/api/comments')\n    .send(commentData);\nexpect(res.status).to.equal(201);\nexpect(res.body).to.have.property('success', true);\nexpect(res.body.data).to.have.property('comment', commentData.comment);\nexpect(res.body.data).to.have.property('user_name', commentData.user_name);",
                  "err": {},
                  "uuid": "37a0b448-d32f-4cd0-86a4-a4df7c26cdd2",
                  "parentUUID": "3b439936-4dc1-4cf1-acd7-5604ad204c4b",
                  "isHook": false,
                  "skipped": false
                },
                {
                  "title": "ควรล้มเหลวเมื่อไม่มีความคิดเห็น",
                  "fullTitle": "💬 ทดสอบระบบความคิดเห็น POST /api/comments - เพิ่มความคิดเห็น ควรล้มเหลวเมื่อไม่มีความคิดเห็น",
                  "timedOut": false,
                  "duration": 3,
                  "state": "passed",
                  "speed": "fast",
                  "pass": true,
                  "fail": false,
                  "pending": false,
                  "context": null,
                  "code": "const res = await request(app)\n    .post('/api/comments')\n    .send({\n        complaint_id: complaintId,\n        user_id: 'U001',\n        user_name: 'Test User'\n    });\nexpect(res.status).to.equal(400);\nexpect(res.body).to.have.property('success', false);",
                  "err": {},
                  "uuid": "54832b1f-574b-4604-8719-4551871beb15",
                  "parentUUID": "3b439936-4dc1-4cf1-acd7-5604ad204c4b",
                  "isHook": false,
                  "skipped": false
                },
                {
                  "title": "ควรล้มเหลวเมื่อเรื่องร้องเรียนไม่มีอยู่",
                  "fullTitle": "💬 ทดสอบระบบความคิดเห็น POST /api/comments - เพิ่มความคิดเห็น ควรล้มเหลวเมื่อเรื่องร้องเรียนไม่มีอยู่",
                  "timedOut": false,
                  "duration": 4,
                  "state": "passed",
                  "speed": "fast",
                  "pass": true,
                  "fail": false,
                  "pending": false,
                  "context": null,
                  "code": "const res = await request(app)\n    .post('/api/comments')\n    .send({\n        complaint_id: 'C_NOTEXIST',\n        user_id: 'U001',\n        user_name: 'Test User',\n        comment: 'Test comment'\n    });\nexpect(res.status).to.equal(404);",
                  "err": {},
                  "uuid": "d668eb52-6e06-49f7-8454-dbab779bb256",
                  "parentUUID": "3b439936-4dc1-4cf1-acd7-5604ad204c4b",
                  "isHook": false,
                  "skipped": false
                }
              ],
              "suites": [],
              "passes": [
                "37a0b448-d32f-4cd0-86a4-a4df7c26cdd2",
                "54832b1f-574b-4604-8719-4551871beb15",
                "d668eb52-6e06-49f7-8454-dbab779bb256"
              ],
              "failures": [],
              "pending": [],
              "skipped": [],
              "duration": 15,
              "root": false,
              "rootEmpty": false,
              "_timeout": 10000
            },
            {
              "uuid": "89788d3f-c8bb-49b1-83e4-2d9e3dfe95cb",
              "title": "GET /api/comments/complaint/:complaintId - ดึงความคิดเห็น",
              "fullFile": "C:\\Work\\MyUsafe-ReportProject\\backend\\tests\\comments.test.js",
              "file": "\\tests\\comments.test.js",
              "beforeHooks": [
                {
                  "title": "\"before each\" hook in \"GET /api/comments/complaint/:complaintId - ดึงความคิดเห็น\"",
                  "fullTitle": "💬 ทดสอบระบบความคิดเห็น GET /api/comments/complaint/:complaintId - ดึงความคิดเห็น \"before each\" hook in \"GET /api/comments/complaint/:complaintId - ดึงความคิดเห็น\"",
                  "timedOut": false,
                  "duration": 2,
                  "state": null,
                  "speed": null,
                  "pass": false,
                  "fail": false,
                  "pending": false,
                  "context": null,
                  "code": "// สร้างความคิดเห็นทดสอบ\nawait Comment.create([\n    {\n        complaint_id: complaintId,\n        user_id: 'U001',\n        user_name: 'User 1',\n        comment: 'Comment 1',\n        created_at: new Date('2025-01-01')\n    },\n    {\n        complaint_id: complaintId,\n        user_id: 'U002',\n        user_name: 'User 2',\n        comment: 'Comment 2',\n        created_at: new Date('2025-01-02')\n    }\n]);",
                  "err": {},
                  "uuid": "7f04658a-e77c-469f-a7d6-0ee54d3ccd91",
                  "parentUUID": "89788d3f-c8bb-49b1-83e4-2d9e3dfe95cb",
                  "isHook": true,
                  "skipped": false
                }
              ],
              "afterHooks": [],
              "tests": [
                {
                  "title": "ควรดึงความคิดเห็นทั้งหมดของเรื่องร้องเรียน",
                  "fullTitle": "💬 ทดสอบระบบความคิดเห็น GET /api/comments/complaint/:complaintId - ดึงความคิดเห็น ควรดึงความคิดเห็นทั้งหมดของเรื่องร้องเรียน",
                  "timedOut": false,
                  "duration": 7,
                  "state": "passed",
                  "speed": "fast",
                  "pass": true,
                  "fail": false,
                  "pending": false,
                  "context": null,
                  "code": "const res = await request(app)\n    .get(`/api/comments/complaint/${complaintId}`);\nexpect(res.status).to.equal(200);\nexpect(res.body).to.have.property('success', true);\nexpect(res.body.data).to.be.an('array');\nexpect(res.body.data).to.have.lengthOf(2);\nexpect(res.body).to.have.property('count', 2);",
                  "err": {},
                  "uuid": "225b8420-67e5-4980-84e6-c9cc8e81eb0e",
                  "parentUUID": "89788d3f-c8bb-49b1-83e4-2d9e3dfe95cb",
                  "isHook": false,
                  "skipped": false
                },
                {
                  "title": "ควรเรียงความคิดเห็นจากเก่าไปใหม่",
                  "fullTitle": "💬 ทดสอบระบบความคิดเห็น GET /api/comments/complaint/:complaintId - ดึงความคิดเห็น ควรเรียงความคิดเห็นจากเก่าไปใหม่",
                  "timedOut": false,
                  "duration": 6,
                  "state": "passed",
                  "speed": "fast",
                  "pass": true,
                  "fail": false,
                  "pending": false,
                  "context": null,
                  "code": "const res = await request(app)\n    .get(`/api/comments/complaint/${complaintId}`);\nexpect(res.status).to.equal(200);\nexpect(res.body.data[0]).to.have.property('comment', 'Comment 1');\nexpect(res.body.data[1]).to.have.property('comment', 'Comment 2');",
                  "err": {},
                  "uuid": "1f7b8660-ed85-4946-a468-edd50fc8078a",
                  "parentUUID": "89788d3f-c8bb-49b1-83e4-2d9e3dfe95cb",
                  "isHook": false,
                  "skipped": false
                },
                {
                  "title": "ควรคืนค่า array ว่างเมื่อไม่มีความคิดเห็น",
                  "fullTitle": "💬 ทดสอบระบบความคิดเห็น GET /api/comments/complaint/:complaintId - ดึงความคิดเห็น ควรคืนค่า array ว่างเมื่อไม่มีความคิดเห็น",
                  "timedOut": false,
                  "duration": 7,
                  "state": "passed",
                  "speed": "fast",
                  "pass": true,
                  "fail": false,
                  "pending": false,
                  "context": null,
                  "code": "await Comment.deleteMany({});\nconst res = await request(app)\n    .get(`/api/comments/complaint/${complaintId}`);\nexpect(res.status).to.equal(200);\nexpect(res.body.data).to.have.lengthOf(0);",
                  "err": {},
                  "uuid": "32ccc3cc-5693-44aa-a1ce-badc0fb98080",
                  "parentUUID": "89788d3f-c8bb-49b1-83e4-2d9e3dfe95cb",
                  "isHook": false,
                  "skipped": false
                }
              ],
              "suites": [],
              "passes": [
                "225b8420-67e5-4980-84e6-c9cc8e81eb0e",
                "1f7b8660-ed85-4946-a468-edd50fc8078a",
                "32ccc3cc-5693-44aa-a1ce-badc0fb98080"
              ],
              "failures": [],
              "pending": [],
              "skipped": [],
              "duration": 20,
              "root": false,
              "rootEmpty": false,
              "_timeout": 10000
            },
            {
              "uuid": "b2fafe6c-e656-4a1a-8d05-20ef81851e6b",
              "title": "PUT /api/comments/:id - แก้ไขความคิดเห็น",
              "fullFile": "C:\\Work\\MyUsafe-ReportProject\\backend\\tests\\comments.test.js",
              "file": "\\tests\\comments.test.js",
              "beforeHooks": [
                {
                  "title": "\"before each\" hook in \"PUT /api/comments/:id - แก้ไขความคิดเห็น\"",
                  "fullTitle": "💬 ทดสอบระบบความคิดเห็น PUT /api/comments/:id - แก้ไขความคิดเห็น \"before each\" hook in \"PUT /api/comments/:id - แก้ไขความคิดเห็น\"",
                  "timedOut": false,
                  "duration": 1,
                  "state": null,
                  "speed": null,
                  "pass": false,
                  "fail": false,
                  "pending": false,
                  "context": null,
                  "code": "const comment = await Comment.create({\n    complaint_id: complaintId,\n    user_id: 'U001',\n    user_name: 'Test User',\n    comment: 'Original comment'\n});\ncommentId = comment._id;",
                  "err": {},
                  "uuid": "09ff08f3-bf08-4dab-af49-b4c621c908b4",
                  "parentUUID": "b2fafe6c-e656-4a1a-8d05-20ef81851e6b",
                  "isHook": true,
                  "skipped": false
                }
              ],
              "afterHooks": [],
              "tests": [
                {
                  "title": "ควรแก้ไขความคิดเห็นสำเร็จ",
                  "fullTitle": "💬 ทดสอบระบบความคิดเห็น PUT /api/comments/:id - แก้ไขความคิดเห็น ควรแก้ไขความคิดเห็นสำเร็จ",
                  "timedOut": false,
                  "duration": 7,
                  "state": "passed",
                  "speed": "fast",
                  "pass": true,
                  "fail": false,
                  "pending": false,
                  "context": null,
                  "code": "const res = await request(app)\n    .put(`/api/comments/${commentId}`)\n    .send({\n        user_id: 'U001',\n        comment: 'Updated comment'\n    });\nexpect(res.status).to.equal(200);\nexpect(res.body.data).to.have.property('comment', 'Updated comment');\nexpect(res.body.data).to.have.property('is_edited', true);",
                  "err": {},
                  "uuid": "cfbeacae-4a6f-4a72-80aa-3bd09e758c38",
                  "parentUUID": "b2fafe6c-e656-4a1a-8d05-20ef81851e6b",
                  "isHook": false,
                  "skipped": false
                },
                {
                  "title": "ควรล้มเหลวเมื่อไม่ใช่เจ้าของความคิดเห็น",
                  "fullTitle": "💬 ทดสอบระบบความคิดเห็น PUT /api/comments/:id - แก้ไขความคิดเห็น ควรล้มเหลวเมื่อไม่ใช่เจ้าของความคิดเห็น",
                  "timedOut": false,
                  "duration": 4,
                  "state": "passed",
                  "speed": "fast",
                  "pass": true,
                  "fail": false,
                  "pending": false,
                  "context": null,
                  "code": "const res = await request(app)\n    .put(`/api/comments/${commentId}`)\n    .send({\n        user_id: 'U999', // คนอื่น\n        comment: 'Hacked comment'\n    });\nexpect(res.status).to.equal(403);",
                  "err": {},
                  "uuid": "9c77140d-9f72-4d20-83f6-c59a8395d5e0",
                  "parentUUID": "b2fafe6c-e656-4a1a-8d05-20ef81851e6b",
                  "isHook": false,
                  "skipped": false
                }
              ],
              "suites": [],
              "passes": [
                "cfbeacae-4a6f-4a72-80aa-3bd09e758c38",
                "9c77140d-9f72-4d20-83f6-c59a8395d5e0"
              ],
              "failures": [],
              "pending": [],
              "skipped": [],
              "duration": 11,
              "root": false,
              "rootEmpty": false,
              "_timeout": 10000
            },
            {
              "uuid": "5f880172-74ba-42e8-808a-b112207d8cd2",
              "title": "DELETE /api/comments/:id - ลบความคิดเห็น",
              "fullFile": "C:\\Work\\MyUsafe-ReportProject\\backend\\tests\\comments.test.js",
              "file": "\\tests\\comments.test.js",
              "beforeHooks": [
                {
                  "title": "\"before each\" hook in \"DELETE /api/comments/:id - ลบความคิดเห็น\"",
                  "fullTitle": "💬 ทดสอบระบบความคิดเห็น DELETE /api/comments/:id - ลบความคิดเห็น \"before each\" hook in \"DELETE /api/comments/:id - ลบความคิดเห็น\"",
                  "timedOut": false,
                  "duration": 1,
                  "state": null,
                  "speed": null,
                  "pass": false,
                  "fail": false,
                  "pending": false,
                  "context": null,
                  "code": "const comment = await Comment.create({\n    complaint_id: complaintId,\n    user_id: 'U001',\n    user_name: 'Test User',\n    comment: 'To be deleted'\n});\ncommentId = comment._id;",
                  "err": {},
                  "uuid": "a9e8ffc5-1493-4eae-be70-1c127a8cda02",
                  "parentUUID": "5f880172-74ba-42e8-808a-b112207d8cd2",
                  "isHook": true,
                  "skipped": false
                }
              ],
              "afterHooks": [],
              "tests": [
                {
                  "title": "ควรลบความคิดเห็นสำเร็จ",
                  "fullTitle": "💬 ทดสอบระบบความคิดเห็น DELETE /api/comments/:id - ลบความคิดเห็น ควรลบความคิดเห็นสำเร็จ",
                  "timedOut": false,
                  "duration": 9,
                  "state": "passed",
                  "speed": "fast",
                  "pass": true,
                  "fail": false,
                  "pending": false,
                  "context": null,
                  "code": "const res = await request(app)\n    .delete(`/api/comments/${commentId}`)\n    .send({\n        user_id: 'U001'\n    });\nexpect(res.status).to.equal(200);\nconst deleted = await Comment.findById(commentId);\nexpect(deleted).to.be.null;",
                  "err": {},
                  "uuid": "82154786-5e07-4347-909c-90ac6e036a49",
                  "parentUUID": "5f880172-74ba-42e8-808a-b112207d8cd2",
                  "isHook": false,
                  "skipped": false
                },
                {
                  "title": "ควรล้มเหลวเมื่อไม่ใช่เจ้าของ",
                  "fullTitle": "💬 ทดสอบระบบความคิดเห็น DELETE /api/comments/:id - ลบความคิดเห็น ควรล้มเหลวเมื่อไม่ใช่เจ้าของ",
                  "timedOut": false,
                  "duration": 3,
                  "state": "passed",
                  "speed": "fast",
                  "pass": true,
                  "fail": false,
                  "pending": false,
                  "context": null,
                  "code": "const res = await request(app)\n    .delete(`/api/comments/${commentId}`)\n    .send({\n        user_id: 'U999'\n    });\nexpect(res.status).to.equal(403);",
                  "err": {},
                  "uuid": "930a11b0-94df-4918-b46b-e46fc47e29d4",
                  "parentUUID": "5f880172-74ba-42e8-808a-b112207d8cd2",
                  "isHook": false,
                  "skipped": false
                }
              ],
              "suites": [],
              "passes": [
                "82154786-5e07-4347-909c-90ac6e036a49",
                "930a11b0-94df-4918-b46b-e46fc47e29d4"
              ],
              "failures": [],
              "pending": [],
              "skipped": [],
              "duration": 12,
              "root": false,
              "rootEmpty": false,
              "_timeout": 10000
            }
          ],
          "passes": [],
          "failures": [],
          "pending": [],
          "skipped": [],
          "duration": 0,
          "root": false,
          "rootEmpty": false,
          "_timeout": 10000
        },
        {
          "uuid": "25449102-87c0-425a-85ba-3de2e26727a6",
          "title": "📝 ทดสอบระบบเรื่องร้องเรียน",
          "fullFile": "C:\\Work\\MyUsafe-ReportProject\\backend\\tests\\complaints.test.js",
          "file": "\\tests\\complaints.test.js",
          "beforeHooks": [],
          "afterHooks": [],
          "tests": [],
          "suites": [
            {
              "uuid": "dd4b69cd-f684-423a-87b0-4eabad784fc7",
              "title": "POST /api/complaints - สร้างเรื่องร้องเรียนใหม่",
              "fullFile": "C:\\Work\\MyUsafe-ReportProject\\backend\\tests\\complaints.test.js",
              "file": "\\tests\\complaints.test.js",
              "beforeHooks": [],
              "afterHooks": [],
              "tests": [
                {
                  "title": "ควรสร้างเรื่องร้องเรียนใหม่สำเร็จ",
                  "fullTitle": "📝 ทดสอบระบบเรื่องร้องเรียน POST /api/complaints - สร้างเรื่องร้องเรียนใหม่ ควรสร้างเรื่องร้องเรียนใหม่สำเร็จ",
                  "timedOut": false,
                  "duration": 6,
                  "state": "passed",
                  "speed": "fast",
                  "pass": true,
                  "fail": false,
                  "pending": false,
                  "context": null,
                  "code": "const complaintData = {\n    title: 'แอร์ห้องเรียนเสีย',\n    categories: ['ไฟฟ้า'],\n    description: 'แอร์ห้อง 401 เปิดไม่ติด ร้อนมาก',\n    location: JSON.stringify({\n        building: 'อาคาร 1',\n        floor: '4',\n        room: '401'\n    }),\n    user_id: 'U0000001'\n};\nconst res = await request(app)\n    .post('/api/complaints')\n    .send(complaintData);\nexpect(res.status).to.equal(201);\nexpect(res.body).to.have.property('success', true);\nexpect(res.body.data).to.have.property('complaint_id');\nexpect(res.body.data).to.have.property('title', complaintData.title);\nexpect(res.body.data).to.have.property('current_status', 'รอรับเรื่อง');\nexpect(res.body.data).to.have.property('views', 0);\nexpect(res.body.data).to.have.property('likes', 0);\nexpect(res.body.data).to.have.property('priority', 'low'); // ✅ default priority",
                  "err": {},
                  "uuid": "bf719253-e8a4-45cf-a13f-e95f13c849af",
                  "parentUUID": "dd4b69cd-f684-423a-87b0-4eabad784fc7",
                  "isHook": false,
                  "skipped": false
                },
                {
                  "title": "ควรล้มเหลวเมื่อไม่มีหัวเรื่อง",
                  "fullTitle": "📝 ทดสอบระบบเรื่องร้องเรียน POST /api/complaints - สร้างเรื่องร้องเรียนใหม่ ควรล้มเหลวเมื่อไม่มีหัวเรื่อง",
                  "timedOut": false,
                  "duration": 3,
                  "state": "passed",
                  "speed": "fast",
                  "pass": true,
                  "fail": false,
                  "pending": false,
                  "context": null,
                  "code": "const res = await request(app)\n    .post('/api/complaints')\n    .send({\n        categories: ['ไฟฟ้า'],\n        description: 'ทดสอบ',\n        location: JSON.stringify({\n            building: 'อาคาร 1',\n            floor: '1'\n        })\n    });\nexpect(res.status).to.equal(400);\nexpect(res.body).to.have.property('error');",
                  "err": {},
                  "uuid": "4223c32b-1e22-43ca-882a-61f870fd3327",
                  "parentUUID": "dd4b69cd-f684-423a-87b0-4eabad784fc7",
                  "isHook": false,
                  "skipped": false
                },
                {
                  "title": "ควรล้มเหลวเมื่อหมวดหมู่เป็น array ว่าง",
                  "fullTitle": "📝 ทดสอบระบบเรื่องร้องเรียน POST /api/complaints - สร้างเรื่องร้องเรียนใหม่ ควรล้มเหลวเมื่อหมวดหมู่เป็น array ว่าง",
                  "timedOut": false,
                  "duration": 3,
                  "state": "passed",
                  "speed": "fast",
                  "pass": true,
                  "fail": false,
                  "pending": false,
                  "context": null,
                  "code": "const res = await request(app)\n    .post('/api/complaints')\n    .send({\n        title: 'ทดสอบไม่มีหมวดหมู่',\n        categories: [],\n        description: 'ไม่มีหมวดหมู่',\n        location: JSON.stringify({\n            building: 'อาคาร 1',\n            floor: '1'\n        })\n    });\nexpect(res.status).to.equal(400);\nexpect(res.body).to.have.property('error');",
                  "err": {},
                  "uuid": "c5d062d1-0968-4070-8b87-51450eadfc20",
                  "parentUUID": "dd4b69cd-f684-423a-87b0-4eabad784fc7",
                  "isHook": false,
                  "skipped": false
                },
                {
                  "title": "ควรล้มเหลวเมื่อไม่มีตำแหน่ง",
                  "fullTitle": "📝 ทดสอบระบบเรื่องร้องเรียน POST /api/complaints - สร้างเรื่องร้องเรียนใหม่ ควรล้มเหลวเมื่อไม่มีตำแหน่ง",
                  "timedOut": false,
                  "duration": 3,
                  "state": "passed",
                  "speed": "fast",
                  "pass": true,
                  "fail": false,
                  "pending": false,
                  "context": null,
                  "code": "const res = await request(app)\n    .post('/api/complaints')\n    .send({\n        title: 'ทดสอบไม่มีตำแหน่ง',\n        categories: ['ทั่วไป'],\n        description: 'ไม่มีตำแหน่ง'\n    });\nexpect(res.status).to.equal(400);\nexpect(res.body).to.have.property('error');",
                  "err": {},
                  "uuid": "ad3dfc24-49b2-47a8-8602-94000d0ccafc",
                  "parentUUID": "dd4b69cd-f684-423a-87b0-4eabad784fc7",
                  "isHook": false,
                  "skipped": false
                },
                {
                  "title": "ควรสร้างเรื่องร้องเรียนด้วยระดับความสำคัญเริ่มต้นเป็น \"low\"",
                  "fullTitle": "📝 ทดสอบระบบเรื่องร้องเรียน POST /api/complaints - สร้างเรื่องร้องเรียนใหม่ ควรสร้างเรื่องร้องเรียนด้วยระดับความสำคัญเริ่มต้นเป็น \"low\"",
                  "timedOut": false,
                  "duration": 5,
                  "state": "passed",
                  "speed": "fast",
                  "pass": true,
                  "fail": false,
                  "pending": false,
                  "context": null,
                  "code": "const res = await request(app)\n    .post('/api/complaints')\n    .send({\n        title: 'Test Priority Default',\n        categories: ['ทั่วไป'],\n        description: 'Test default priority',\n        location: JSON.stringify({\n            building: 'อาคาร 1',\n            floor: '1',\n            room: '101'\n        }),\n        user_id: 'U001'\n    });\nexpect(res.status).to.equal(201);\nexpect(res.body.data).to.have.property('priority', 'low');",
                  "err": {},
                  "uuid": "f474676f-ff9a-419a-acb0-2f63366d0434",
                  "parentUUID": "dd4b69cd-f684-423a-87b0-4eabad784fc7",
                  "isHook": false,
                  "skipped": false
                },
                {
                  "title": "ควรสร้างเรื่องร้องเรียนที่มีหลายหมวดหมู่",
                  "fullTitle": "📝 ทดสอบระบบเรื่องร้องเรียน POST /api/complaints - สร้างเรื่องร้องเรียนใหม่ ควรสร้างเรื่องร้องเรียนที่มีหลายหมวดหมู่",
                  "timedOut": false,
                  "duration": 5,
                  "state": "passed",
                  "speed": "fast",
                  "pass": true,
                  "fail": false,
                  "pending": false,
                  "context": null,
                  "code": "const res = await request(app)\n    .post('/api/complaints')\n    .send({\n        title: 'ทดสอบหลายหมวดหมู่',\n        categories: ['ไฟฟ้า', 'น้ำท่วม'],\n        description: 'มีปัญหาหลายอย่าง',\n        location: JSON.stringify({\n            building: 'อาคาร 1',\n            floor: '1',\n            room: '101'\n        }),\n        user_id: 'U001'\n    });\nexpect(res.status).to.equal(201);\nexpect(res.body.data.categories).to.be.an('array');\nexpect(res.body.data.categories).to.have.lengthOf(2);\nexpect(res.body.data.categories).to.include('ไฟฟ้า');\nexpect(res.body.data.categories).to.include('น้ำท่วม');",
                  "err": {},
                  "uuid": "aa2b4ea1-7dde-460e-ba4a-a0cd6d7be551",
                  "parentUUID": "dd4b69cd-f684-423a-87b0-4eabad784fc7",
                  "isHook": false,
                  "skipped": false
                }
              ],
              "suites": [],
              "passes": [
                "bf719253-e8a4-45cf-a13f-e95f13c849af",
                "4223c32b-1e22-43ca-882a-61f870fd3327",
                "c5d062d1-0968-4070-8b87-51450eadfc20",
                "ad3dfc24-49b2-47a8-8602-94000d0ccafc",
                "f474676f-ff9a-419a-acb0-2f63366d0434",
                "aa2b4ea1-7dde-460e-ba4a-a0cd6d7be551"
              ],
              "failures": [],
              "pending": [],
              "skipped": [],
              "duration": 25,
              "root": false,
              "rootEmpty": false,
              "_timeout": 10000
            },
            {
              "uuid": "422f1f30-a952-4278-a86e-724c18686807",
              "title": "GET /api/complaints - ดึงข้อมูลเรื่องร้องเรียนทั้งหมด",
              "fullFile": "C:\\Work\\MyUsafe-ReportProject\\backend\\tests\\complaints.test.js",
              "file": "\\tests\\complaints.test.js",
              "beforeHooks": [
                {
                  "title": "\"before each\" hook in \"GET /api/complaints - ดึงข้อมูลเรื่องร้องเรียนทั้งหมด\"",
                  "fullTitle": "📝 ทดสอบระบบเรื่องร้องเรียน GET /api/complaints - ดึงข้อมูลเรื่องร้องเรียนทั้งหมด \"before each\" hook in \"GET /api/complaints - ดึงข้อมูลเรื่องร้องเรียนทั้งหมด\"",
                  "timedOut": false,
                  "duration": 3,
                  "state": null,
                  "speed": null,
                  "pass": false,
                  "fail": false,
                  "pending": false,
                  "context": null,
                  "code": "// สร้างข้อมูลทดสอบ\nawait Complaint.create([\n    {\n        complaint_id: 'C0000001',\n        title: 'Complaint 1',\n        categories: ['ไฟฟ้า'],\n        description: 'Test 1',\n        location: {\n            building: 'Building A',\n            floor: '1',\n            room: '101'\n        },\n        current_status: 'รอรับเรื่อง',\n        priority: 'low',\n        status_history: [\n            { status_id: 'S0001', status_name: 'รอรับเรื่อง', updated_at: new Date() }\n        ],\n        user_id: 'U0001',\n        datetime_reported: new Date(),\n        likes: 0,\n        dislikes: 0,\n        views: 0\n    },\n    {\n        complaint_id: 'C0000002',\n        title: 'Complaint 2',\n        categories: ['น้ำท่วม'],\n        description: 'Test 2',\n        location: {\n            building: 'Building B',\n            floor: '2',\n            room: '201'\n        },\n        current_status: 'กำลังดำเนินการ',\n        priority: 'medium',\n        status_history: [\n            { status_id: 'S0002', status_name: 'กำลังดำเนินการ', updated_at: new Date() }\n        ],\n        user_id: 'U0002',\n        datetime_reported: new Date(),\n        likes: 5,\n        dislikes: 1,\n        views: 10\n    },\n    {\n        complaint_id: 'C0000003',\n        title: 'Complaint 3',\n        categories: ['ไฟฟ้า'],\n        description: 'Test 3',\n        location: {\n            building: 'Building C',\n            floor: '3',\n            room: '301'\n        },\n        current_status: 'เสร็จสิ้น',\n        priority: 'high',\n        status_history: [\n            { status_id: 'S0003', status_name: 'เสร็จสิ้น', updated_at: new Date() }\n        ],\n        user_id: 'U0003',\n        datetime_reported: new Date(),\n        likes: 10,\n        dislikes: 0,\n        views: 20\n    }\n]);",
                  "err": {},
                  "uuid": "547209f3-8401-4c4e-9557-033ee676ddf3",
                  "parentUUID": "422f1f30-a952-4278-a86e-724c18686807",
                  "isHook": true,
                  "skipped": false
                }
              ],
              "afterHooks": [],
              "tests": [
                {
                  "title": "ควรดึงเรื่องร้องเรียนทั้งหมด",
                  "fullTitle": "📝 ทดสอบระบบเรื่องร้องเรียน GET /api/complaints - ดึงข้อมูลเรื่องร้องเรียนทั้งหมด ควรดึงเรื่องร้องเรียนทั้งหมด",
                  "timedOut": false,
                  "duration": 6,
                  "state": "passed",
                  "speed": "fast",
                  "pass": true,
                  "fail": false,
                  "pending": false,
                  "context": null,
                  "code": "const res = await request(app)\n    .get('/api/complaints');\nexpect(res.status).to.equal(200);\nexpect(res.body).to.have.property('success', true);\nexpect(res.body.data).to.be.an('array');\nexpect(res.body.data).to.have.lengthOf(3);",
                  "err": {},
                  "uuid": "82acb3f9-cb9b-4b5b-a5d4-7e1ebb8a3317",
                  "parentUUID": "422f1f30-a952-4278-a86e-724c18686807",
                  "isHook": false,
                  "skipped": false
                },
                {
                  "title": "ควรกรองเรื่องร้องเรียนตามสถานะ",
                  "fullTitle": "📝 ทดสอบระบบเรื่องร้องเรียน GET /api/complaints - ดึงข้อมูลเรื่องร้องเรียนทั้งหมด ควรกรองเรื่องร้องเรียนตามสถานะ",
                  "timedOut": false,
                  "duration": 5,
                  "state": "passed",
                  "speed": "fast",
                  "pass": true,
                  "fail": false,
                  "pending": false,
                  "context": null,
                  "code": "const res = await request(app)\n    .get(`/api/complaints?status=${encodeURIComponent('รอรับเรื่อง')}`);\nexpect(res.status).to.equal(200);\nexpect(res.body.data).to.be.an('array');\nexpect(res.body.data).to.have.lengthOf(1);\nexpect(res.body.data[0]).to.have.property('current_status', 'รอรับเรื่อง');",
                  "err": {},
                  "uuid": "35eb7bb1-1a90-4680-a0bc-089010e5aafd",
                  "parentUUID": "422f1f30-a952-4278-a86e-724c18686807",
                  "isHook": false,
                  "skipped": false
                },
                {
                  "title": "ควรกรองเรื่องร้องเรียนตามหมวดหมู่",
                  "fullTitle": "📝 ทดสอบระบบเรื่องร้องเรียน GET /api/complaints - ดึงข้อมูลเรื่องร้องเรียนทั้งหมด ควรกรองเรื่องร้องเรียนตามหมวดหมู่",
                  "timedOut": false,
                  "duration": 5,
                  "state": "passed",
                  "speed": "fast",
                  "pass": true,
                  "fail": false,
                  "pending": false,
                  "context": null,
                  "code": "const res = await request(app)\n    .get(`/api/complaints?category=${encodeURIComponent('ไฟฟ้า')}`);\nexpect(res.status).to.equal(200);\nexpect(res.body.data).to.be.an('array');\nexpect(res.body.data).to.have.lengthOf(2);\nres.body.data.forEach(complaint => {\n    expect(complaint.categories).to.include('ไฟฟ้า');\n});",
                  "err": {},
                  "uuid": "27f03f98-eb1f-4b61-a24d-8c4460966ca5",
                  "parentUUID": "422f1f30-a952-4278-a86e-724c18686807",
                  "isHook": false,
                  "skipped": false
                },
                {
                  "title": "ควรค้นหาเรื่องร้องเรียนตามคำค้น",
                  "fullTitle": "📝 ทดสอบระบบเรื่องร้องเรียน GET /api/complaints - ดึงข้อมูลเรื่องร้องเรียนทั้งหมด ควรค้นหาเรื่องร้องเรียนตามคำค้น",
                  "timedOut": false,
                  "duration": 10,
                  "state": "passed",
                  "speed": "fast",
                  "pass": true,
                  "fail": false,
                  "pending": false,
                  "context": null,
                  "code": "const res = await request(app)\n    .get('/api/complaints?q=Complaint 2');\nexpect(res.status).to.equal(200);\nexpect(res.body.data).to.be.an('array');\nexpect(res.body.data).to.have.lengthOf(1);\nexpect(res.body.data[0]).to.have.property('title', 'Complaint 2');",
                  "err": {},
                  "uuid": "4ac913f1-2c13-4bb0-9ff8-1a56bd5e2b1a",
                  "parentUUID": "422f1f30-a952-4278-a86e-724c18686807",
                  "isHook": false,
                  "skipped": false
                },
                {
                  "title": "ควรคืนเรื่องร้องเรียนทั้งหมดเมื่อสถานะเป็น \"ทั้งหมด\"",
                  "fullTitle": "📝 ทดสอบระบบเรื่องร้องเรียน GET /api/complaints - ดึงข้อมูลเรื่องร้องเรียนทั้งหมด ควรคืนเรื่องร้องเรียนทั้งหมดเมื่อสถานะเป็น \"ทั้งหมด\"",
                  "timedOut": false,
                  "duration": 5,
                  "state": "passed",
                  "speed": "fast",
                  "pass": true,
                  "fail": false,
                  "pending": false,
                  "context": null,
                  "code": "const res = await request(app)\n    .get(`/api/complaints?status=${encodeURIComponent('ทั้งหมด')}`);\nexpect(res.status).to.equal(200);\nexpect(res.body.data).to.have.lengthOf(3);",
                  "err": {},
                  "uuid": "675a054a-10e7-4b29-9fd2-384813eb231e",
                  "parentUUID": "422f1f30-a952-4278-a86e-724c18686807",
                  "isHook": false,
                  "skipped": false
                },
                {
                  "title": "ควรกรองเรื่องร้องเรียนตามระดับความสำคัญ",
                  "fullTitle": "📝 ทดสอบระบบเรื่องร้องเรียน GET /api/complaints - ดึงข้อมูลเรื่องร้องเรียนทั้งหมด ควรกรองเรื่องร้องเรียนตามระดับความสำคัญ",
                  "timedOut": false,
                  "duration": 4,
                  "state": "passed",
                  "speed": "fast",
                  "pass": true,
                  "fail": false,
                  "pending": false,
                  "context": null,
                  "code": "const res = await request(app)\n    .get('/api/complaints?priority=high');\nexpect(res.status).to.equal(200);\nexpect(res.body.data).to.be.an('array');\nexpect(res.body.data.length).to.be.at.least(1);\nres.body.data.forEach(complaint => {\n    expect(complaint).to.have.property('priority', 'high');\n});",
                  "err": {},
                  "uuid": "41428d71-2abd-4424-a2f5-ea41d125ce92",
                  "parentUUID": "422f1f30-a952-4278-a86e-724c18686807",
                  "isHook": false,
                  "skipped": false
                },
                {
                  "title": "ควรรองรับการแบ่งหน้า",
                  "fullTitle": "📝 ทดสอบระบบเรื่องร้องเรียน GET /api/complaints - ดึงข้อมูลเรื่องร้องเรียนทั้งหมด ควรรองรับการแบ่งหน้า",
                  "timedOut": false,
                  "duration": 6,
                  "state": "failed",
                  "speed": null,
                  "pass": false,
                  "fail": true,
                  "pending": false,
                  "context": null,
                  "code": "const res = await request(app)\n    .get('/api/complaints?page=1&limit=2');\nexpect(res.status).to.equal(200);\nexpect(res.body.data).to.be.an('array');\nexpect(res.body.data.length).to.be.at.most(2);\nexpect(res.body).to.have.property('pagination');\nexpect(res.body.pagination).to.have.property('current_page', 1);\nexpect(res.body.pagination).to.have.property('total_items', 3);",
                  "err": {
                    "message": "AssertionError: expected 3 to be at most 2",
                    "estack": "AssertionError: expected 3 to be at most 2\n    at Context.<anonymous> (tests\\complaints.test.js:268:51)\n    at process.processTicksAndRejections (node:internal/process/task_queues:105:5)",
                    "diff": "- 3\n+ 2\n"
                  },
                  "uuid": "76fad5af-3f60-4abc-8485-2655675b474d",
                  "parentUUID": "422f1f30-a952-4278-a86e-724c18686807",
                  "isHook": false,
                  "skipped": false
                }
              ],
              "suites": [],
              "passes": [
                "82acb3f9-cb9b-4b5b-a5d4-7e1ebb8a3317",
                "35eb7bb1-1a90-4680-a0bc-089010e5aafd",
                "27f03f98-eb1f-4b61-a24d-8c4460966ca5",
                "4ac913f1-2c13-4bb0-9ff8-1a56bd5e2b1a",
                "675a054a-10e7-4b29-9fd2-384813eb231e",
                "41428d71-2abd-4424-a2f5-ea41d125ce92"
              ],
              "failures": [
                "76fad5af-3f60-4abc-8485-2655675b474d"
              ],
              "pending": [],
              "skipped": [],
              "duration": 41,
              "root": false,
              "rootEmpty": false,
              "_timeout": 10000
            },
            {
              "uuid": "c9659a7c-2e06-4faf-9260-c44755a7ffde",
              "title": "GET /api/complaints/:id - ดึงข้อมูลเรื่องร้องเรียนเดี่ยว",
              "fullFile": "C:\\Work\\MyUsafe-ReportProject\\backend\\tests\\complaints.test.js",
              "file": "\\tests\\complaints.test.js",
              "beforeHooks": [
                {
                  "title": "\"before each\" hook in \"GET /api/complaints/:id - ดึงข้อมูลเรื่องร้องเรียนเดี่ยว\"",
                  "fullTitle": "📝 ทดสอบระบบเรื่องร้องเรียน GET /api/complaints/:id - ดึงข้อมูลเรื่องร้องเรียนเดี่ยว \"before each\" hook in \"GET /api/complaints/:id - ดึงข้อมูลเรื่องร้องเรียนเดี่ยว\"",
                  "timedOut": false,
                  "duration": 1,
                  "state": null,
                  "speed": null,
                  "pass": false,
                  "fail": false,
                  "pending": false,
                  "context": null,
                  "code": "const complaint = await Complaint.create({\n    complaint_id: 'C1234567',\n    title: 'Test Complaint',\n    categories: ['ทั่วไป'],\n    description: 'Test Description',\n    location: {\n        building: 'Test Building',\n        floor: '1',\n        room: '101'\n    },\n    current_status: 'รอรับเรื่อง',\n    priority: 'low',\n    status_history: [\n        { status_id: 'S0001', status_name: 'รอรับเรื่อง', updated_at: new Date() }\n    ],\n    user_id: 'U0001',\n    datetime_reported: new Date(),\n    likes: 0,\n    dislikes: 0,\n    views: 0\n});\ncomplaintId = complaint.complaint_id;",
                  "err": {},
                  "uuid": "e16a85d6-78bf-4f1d-b7b3-6f03fd49c723",
                  "parentUUID": "c9659a7c-2e06-4faf-9260-c44755a7ffde",
                  "isHook": true,
                  "skipped": false
                }
              ],
              "afterHooks": [],
              "tests": [
                {
                  "title": "ควรดึงเรื่องร้องเรียนตาม ID",
                  "fullTitle": "📝 ทดสอบระบบเรื่องร้องเรียน GET /api/complaints/:id - ดึงข้อมูลเรื่องร้องเรียนเดี่ยว ควรดึงเรื่องร้องเรียนตาม ID",
                  "timedOut": false,
                  "duration": 4,
                  "state": "passed",
                  "speed": "fast",
                  "pass": true,
                  "fail": false,
                  "pending": false,
                  "context": null,
                  "code": "const res = await request(app)\n    .get(`/api/complaints/${complaintId}`);\nexpect(res.status).to.equal(200);\nexpect(res.body).to.have.property('success', true);\nexpect(res.body.data).to.have.property('complaint_id', complaintId);\nexpect(res.body.data).to.have.property('title', 'Test Complaint');",
                  "err": {},
                  "uuid": "67095ee1-0cc3-45c4-bd06-5e90afdb6b7e",
                  "parentUUID": "c9659a7c-2e06-4faf-9260-c44755a7ffde",
                  "isHook": false,
                  "skipped": false
                },
                {
                  "title": "ควรคืนค่า 404 สำหรับเรื่องร้องเรียนที่ไม่มีอยู่",
                  "fullTitle": "📝 ทดสอบระบบเรื่องร้องเรียน GET /api/complaints/:id - ดึงข้อมูลเรื่องร้องเรียนเดี่ยว ควรคืนค่า 404 สำหรับเรื่องร้องเรียนที่ไม่มีอยู่",
                  "timedOut": false,
                  "duration": 3,
                  "state": "passed",
                  "speed": "fast",
                  "pass": true,
                  "fail": false,
                  "pending": false,
                  "context": null,
                  "code": "const res = await request(app)\n    .get('/api/complaints/C9999999');\nexpect(res.status).to.equal(404);\nexpect(res.body).to.have.property('error');",
                  "err": {},
                  "uuid": "e6251e28-b914-4bcc-b902-f5271cd3e8d9",
                  "parentUUID": "c9659a7c-2e06-4faf-9260-c44755a7ffde",
                  "isHook": false,
                  "skipped": false
                }
              ],
              "suites": [],
              "passes": [
                "67095ee1-0cc3-45c4-bd06-5e90afdb6b7e",
                "e6251e28-b914-4bcc-b902-f5271cd3e8d9"
              ],
              "failures": [],
              "pending": [],
              "skipped": [],
              "duration": 7,
              "root": false,
              "rootEmpty": false,
              "_timeout": 10000
            },
            {
              "uuid": "846e2d2c-f6a2-479c-a9c8-f1c1b6fa068a",
              "title": "PUT /api/complaints/:id - อัปเดตเรื่องร้องเรียน",
              "fullFile": "C:\\Work\\MyUsafe-ReportProject\\backend\\tests\\complaints.test.js",
              "file": "\\tests\\complaints.test.js",
              "beforeHooks": [
                {
                  "title": "\"before each\" hook in \"PUT /api/complaints/:id - อัปเดตเรื่องร้องเรียน\"",
                  "fullTitle": "📝 ทดสอบระบบเรื่องร้องเรียน PUT /api/complaints/:id - อัปเดตเรื่องร้องเรียน \"before each\" hook in \"PUT /api/complaints/:id - อัปเดตเรื่องร้องเรียน\"",
                  "timedOut": false,
                  "duration": 2,
                  "state": null,
                  "speed": null,
                  "pass": false,
                  "fail": false,
                  "pending": false,
                  "context": null,
                  "code": "const complaint = await Complaint.create({\n    complaint_id: 'C1111111',\n    title: 'Update Test',\n    categories: ['ทั่วไป'],\n    description: 'Test',\n    location: {\n        building: 'Test Building',\n        floor: '1',\n        room: '101'\n    },\n    current_status: 'รอรับเรื่อง',\n    priority: 'low',\n    status_history: [\n        { status_id: 'S0001', status_name: 'รอรับเรื่อง', updated_at: new Date() }\n    ],\n    user_id: 'U0001',\n    datetime_reported: new Date(),\n    likes: 0,\n    dislikes: 0,\n    views: 0\n});\ncomplaintId = complaint.complaint_id;",
                  "err": {},
                  "uuid": "89e736ed-e708-4238-a7b6-4f5977df96e7",
                  "parentUUID": "846e2d2c-f6a2-479c-a9c8-f1c1b6fa068a",
                  "isHook": true,
                  "skipped": false
                }
              ],
              "afterHooks": [],
              "tests": [
                {
                  "title": "ควรอัปเดตสถานะเรื่องร้องเรียน",
                  "fullTitle": "📝 ทดสอบระบบเรื่องร้องเรียน PUT /api/complaints/:id - อัปเดตเรื่องร้องเรียน ควรอัปเดตสถานะเรื่องร้องเรียน",
                  "timedOut": false,
                  "duration": 7,
                  "state": "passed",
                  "speed": "fast",
                  "pass": true,
                  "fail": false,
                  "pending": false,
                  "context": null,
                  "code": "const res = await request(app)\n    .put(`/api/complaints/${complaintId}`)\n    .send({\n        status: 'กำลังดำเนินการ'\n    });\nexpect(res.status).to.equal(200);\nexpect(res.body).to.have.property('success', true);\nexpect(res.body.data).to.have.property('current_status', 'กำลังดำเนินการ');\nexpect(res.body.data.status_history).to.have.lengthOf(2);",
                  "err": {},
                  "uuid": "dfaba059-3fdf-43c4-87b6-62d369f99fd2",
                  "parentUUID": "846e2d2c-f6a2-479c-a9c8-f1c1b6fa068a",
                  "isHook": false,
                  "skipped": false
                },
                {
                  "title": "ควรอัปเดตสถานะเป็น เสร็จสิ้น และตั้งค่าวันที่เสร็จสิ้น",
                  "fullTitle": "📝 ทดสอบระบบเรื่องร้องเรียน PUT /api/complaints/:id - อัปเดตเรื่องร้องเรียน ควรอัปเดตสถานะเป็น เสร็จสิ้น และตั้งค่าวันที่เสร็จสิ้น",
                  "timedOut": false,
                  "duration": 11,
                  "state": "passed",
                  "speed": "fast",
                  "pass": true,
                  "fail": false,
                  "pending": false,
                  "context": null,
                  "code": "// Step 1: เปลี่ยนเป็น \"กำลังดำเนินการ\" ก่อน\nawait request(app)\n    .put(`/api/complaints/${complaintId}`)\n    .send({\n        status: 'กำลังดำเนินการ'\n    });\n// Step 2: จึงค่อยเปลี่ยนเป็น \"เสร็จสิ้น\"\nconst res = await request(app)\n    .put(`/api/complaints/${complaintId}`)\n    .send({\n        status: 'เสร็จสิ้น'\n    });\nexpect(res.status).to.equal(200);\nexpect(res.body.data).to.have.property('current_status', 'เสร็จสิ้น');\nexpect(res.body.data.completed_date).to.not.equal('-');",
                  "err": {},
                  "uuid": "b43f0b8c-229e-4f80-9526-f369b8c97656",
                  "parentUUID": "846e2d2c-f6a2-479c-a9c8-f1c1b6fa068a",
                  "isHook": false,
                  "skipped": false
                },
                {
                  "title": "ควรเพิ่มจำนวนไลค์",
                  "fullTitle": "📝 ทดสอบระบบเรื่องร้องเรียน PUT /api/complaints/:id - อัปเดตเรื่องร้องเรียน ควรเพิ่มจำนวนไลค์",
                  "timedOut": false,
                  "duration": 7,
                  "state": "passed",
                  "speed": "fast",
                  "pass": true,
                  "fail": false,
                  "pending": false,
                  "context": null,
                  "code": "const res = await request(app)\n    .put(`/api/complaints/${complaintId}`)\n    .send({\n        action: 'like'\n    });\nexpect(res.status).to.equal(200);\nexpect(res.body.data).to.have.property('likes', 1);",
                  "err": {},
                  "uuid": "d5166a83-518c-4f8d-ae8b-45256aa55217",
                  "parentUUID": "846e2d2c-f6a2-479c-a9c8-f1c1b6fa068a",
                  "isHook": false,
                  "skipped": false
                },
                {
                  "title": "ควรเพิ่มจำนวนดิสไลค์",
                  "fullTitle": "📝 ทดสอบระบบเรื่องร้องเรียน PUT /api/complaints/:id - อัปเดตเรื่องร้องเรียน ควรเพิ่มจำนวนดิสไลค์",
                  "timedOut": false,
                  "duration": 6,
                  "state": "passed",
                  "speed": "fast",
                  "pass": true,
                  "fail": false,
                  "pending": false,
                  "context": null,
                  "code": "const res = await request(app)\n    .put(`/api/complaints/${complaintId}`)\n    .send({\n        action: 'dislike'\n    });\nexpect(res.status).to.equal(200);\nexpect(res.body.data).to.have.property('dislikes', 1);",
                  "err": {},
                  "uuid": "7aed687f-c06a-4cfd-8a5e-a59fccdd65af",
                  "parentUUID": "846e2d2c-f6a2-479c-a9c8-f1c1b6fa068a",
[...]
                  "fullTitle": "🏢 ทดสอบระบบตำแหน่งที่ตั้ง GET /api/locations/floors/:building - ดึงข้อมูลชั้นตามอาคาร ควรคืนค่า array ว่างสำหรับอาคารที่ไม่มีอยู่",
                  "timedOut": false,
                  "duration": 4,
                  "state": "passed",
                  "speed": "fast",
                  "pass": true,
                  "fail": false,
                  "pending": false,
                  "context": null,
                  "code": "const res = await request(app)\n    .get(`/api/locations/floors/${encodeURIComponent('อาคารไม่มี')}`);\nexpect(res.status).to.equal(200);\nexpect(res.body.data).to.be.an('array');\nexpect(res.body.data).to.have.lengthOf(0);",
                  "err": {},
                  "uuid": "12e6562e-c1d4-43a7-9b04-50aeaa05b518",
                  "parentUUID": "83cb4a61-bff5-4d71-852a-0900c41a80f4",
                  "isHook": false,
                  "skipped": false
                }
              ],
              "suites": [],
              "passes": [
                "9e7aa630-5e27-4953-b826-caa95c0b238b",
                "12e6562e-c1d4-43a7-9b04-50aeaa05b518"
              ],
              "failures": [],
              "pending": [],
              "skipped": [],
              "duration": 8,
              "root": false,
              "rootEmpty": false,
              "_timeout": 10000
            },
            {
              "uuid": "8e2668a7-5d56-4b58-b651-f8064b076c35",
              "title": "GET /api/locations/rooms/:building/:floor - ดึงข้อมูลห้อง",
              "fullFile": "C:\\Work\\MyUsafe-ReportProject\\backend\\tests\\locations.test.js",
              "file": "\\tests\\locations.test.js",
              "beforeHooks": [],
              "afterHooks": [],
              "tests": [
                {
                  "title": "ควรดึงห้องทั้งหมดของอาคารและชั้น",
                  "fullTitle": "🏢 ทดสอบระบบตำแหน่งที่ตั้ง GET /api/locations/rooms/:building/:floor - ดึงข้อมูลห้อง ควรดึงห้องทั้งหมดของอาคารและชั้น",
                  "timedOut": false,
                  "duration": 4,
                  "state": "passed",
                  "speed": "fast",
                  "pass": true,
                  "fail": false,
                  "pending": false,
                  "context": null,
                  "code": "const res = await request(app)\n    .get(`/api/locations/rooms/${encodeURIComponent('อาคาร 1')}/1`);\nexpect(res.status).to.equal(200);\nexpect(res.body).to.have.property('success', true);\nexpect(res.body.data).to.be.an('array');\nexpect(res.body.data).to.have.lengthOf(2);\nexpect(res.body.data).to.include('101');\nexpect(res.body.data).to.include('102');",
                  "err": {},
                  "uuid": "a6c3bb7c-90ae-4327-8514-f6486556235d",
                  "parentUUID": "8e2668a7-5d56-4b58-b651-f8064b076c35",
                  "isHook": false,
                  "skipped": false
                },
                {
                  "title": "ควรคืนค่า array ว่างสำหรับชั้นที่ไม่มีอยู่",
                  "fullTitle": "🏢 ทดสอบระบบตำแหน่งที่ตั้ง GET /api/locations/rooms/:building/:floor - ดึงข้อมูลห้อง ควรคืนค่า array ว่างสำหรับชั้นที่ไม่มีอยู่",
                  "timedOut": false,
                  "duration": 4,
                  "state": "passed",
                  "speed": "fast",
                  "pass": true,
                  "fail": false,
                  "pending": false,
                  "context": null,
                  "code": "const res = await request(app)\n    .get(`/api/locations/rooms/${encodeURIComponent('อาคาร 1')}/99`);\nexpect(res.status).to.equal(200);\nexpect(res.body.data).to.be.an('array');\nexpect(res.body.data).to.have.lengthOf(0);",
                  "err": {},
                  "uuid": "626ac83b-b9ab-4ae9-a47d-8faaf4d70d7e",
                  "parentUUID": "8e2668a7-5d56-4b58-b651-f8064b076c35",
                  "isHook": false,
                  "skipped": false
                },
                {
                  "title": "ควรกรองห้องที่ว่างออก",
                  "fullTitle": "🏢 ทดสอบระบบตำแหน่งที่ตั้ง GET /api/locations/rooms/:building/:floor - ดึงข้อมูลห้อง ควรกรองห้องที่ว่างออก",
                  "timedOut": false,
                  "duration": 4,
                  "state": "passed",
                  "speed": "fast",
                  "pass": true,
                  "fail": false,
                  "pending": false,
                  "context": null,
                  "code": "// สร้าง location ที่ไม่มีห้อง\nawait Location.create({\n    building: 'อาคาร 3',\n    floor: '1',\n    room: ''\n});\nconst res = await request(app)\n    .get(`/api/locations/rooms/${encodeURIComponent('อาคาร 3')}/1`);\nexpect(res.status).to.equal(200);\nexpect(res.body.data).to.be.an('array');\nexpect(res.body.data).to.have.lengthOf(0);",
                  "err": {},
                  "uuid": "ac7a51e4-01e2-4ffa-809d-6f6bf270b55f",
                  "parentUUID": "8e2668a7-5d56-4b58-b651-f8064b076c35",
                  "isHook": false,
                  "skipped": false
                }
              ],
              "suites": [],
              "passes": [
                "a6c3bb7c-90ae-4327-8514-f6486556235d",
                "626ac83b-b9ab-4ae9-a47d-8faaf4d70d7e",
                "ac7a51e4-01e2-4ffa-809d-6f6bf270b55f"
              ],
              "failures": [],
              "pending": [],
              "skipped": [],
              "duration": 12,
              "root": false,
              "rootEmpty": false,
              "_timeout": 10000
            },
            {
              "uuid": "14e3903b-15ff-4555-9123-7d1bbac97883",
              "title": "POST /api/locations - สร้างตำแหน่งที่ตั้งใหม่",
              "fullFile": "C:\\Work\\MyUsafe-ReportProject\\backend\\tests\\locations.test.js",
              "file": "\\tests\\locations.test.js",
              "beforeHooks": [],
              "afterHooks": [],
              "tests": [
                {
                  "title": "ควรสร้างตำแหน่งที่ตั้งใหม่สำเร็จ",
                  "fullTitle": "🏢 ทดสอบระบบตำแหน่งที่ตั้ง POST /api/locations - สร้างตำแหน่งที่ตั้งใหม่ ควรสร้างตำแหน่งที่ตั้งใหม่สำเร็จ",
                  "timedOut": false,
                  "duration": 4,
                  "state": "passed",
                  "speed": "fast",
                  "pass": true,
                  "fail": false,
                  "pending": false,
                  "context": null,
                  "code": "const locationData = {\n    building: 'อาคารใหม่',\n    floor: '5',\n    room: '501'\n};\nconst res = await request(app)\n    .post('/api/locations')\n    .send(locationData);\nexpect(res.status).to.equal(201);\nexpect(res.body).to.have.property('success', true);\nexpect(res.body).to.have.property('message');\nexpect(res.body.data).to.have.property('building', locationData.building);\nexpect(res.body.data).to.have.property('floor', locationData.floor);\nexpect(res.body.data).to.have.property('room', locationData.room);",
                  "err": {},
                  "uuid": "60ce7770-0978-44b3-ad60-58ee8918dda7",
                  "parentUUID": "14e3903b-15ff-4555-9123-7d1bbac97883",
                  "isHook": false,
                  "skipped": false
                },
                {
                  "title": "ควรสร้างตำแหน่งที่ตั้งโดยไม่มีห้อง",
                  "fullTitle": "🏢 ทดสอบระบบตำแหน่งที่ตั้ง POST /api/locations - สร้างตำแหน่งที่ตั้งใหม่ ควรสร้างตำแหน่งที่ตั้งโดยไม่มีห้อง",
                  "timedOut": false,
                  "duration": 5,
                  "state": "passed",
                  "speed": "fast",
                  "pass": true,
                  "fail": false,
                  "pending": false,
                  "context": null,
                  "code": "const res = await request(app)\n    .post('/api/locations')\n    .send({\n        building: 'อาคาร Test',\n        floor: '1'\n    });\nexpect(res.status).to.equal(201);\nexpect(res.body.data).to.have.property('room', '');",
                  "err": {},
                  "uuid": "03b75e81-57d9-489b-97de-57622a6e13ad",
                  "parentUUID": "14e3903b-15ff-4555-9123-7d1bbac97883",
                  "isHook": false,
                  "skipped": false
                },
                {
                  "title": "ควรล้มเหลวเมื่อไม่มีชื่ออาคาร",
                  "fullTitle": "🏢 ทดสอบระบบตำแหน่งที่ตั้ง POST /api/locations - สร้างตำแหน่งที่ตั้งใหม่ ควรล้มเหลวเมื่อไม่มีชื่ออาคาร",
                  "timedOut": false,
                  "duration": 3,
                  "state": "passed",
                  "speed": "fast",
                  "pass": true,
                  "fail": false,
                  "pending": false,
                  "context": null,
                  "code": "const res = await request(app)\n    .post('/api/locations')\n    .send({\n        floor: '1'\n    });\nexpect(res.status).to.equal(400);\nexpect(res.body).to.have.property('success', false);\nexpect(res.body).to.have.property('error');",
                  "err": {},
                  "uuid": "e68c7922-b224-4b88-900f-b907ed54b69a",
                  "parentUUID": "14e3903b-15ff-4555-9123-7d1bbac97883",
                  "isHook": false,
                  "skipped": false
                },
                {
                  "title": "ควรล้มเหลวเมื่อไม่มีชั้น",
                  "fullTitle": "🏢 ทดสอบระบบตำแหน่งที่ตั้ง POST /api/locations - สร้างตำแหน่งที่ตั้งใหม่ ควรล้มเหลวเมื่อไม่มีชั้น",
                  "timedOut": false,
                  "duration": 2,
                  "state": "passed",
                  "speed": "fast",
                  "pass": true,
                  "fail": false,
                  "pending": false,
                  "context": null,
                  "code": "const res = await request(app)\n    .post('/api/locations')\n    .send({\n        building: 'อาคาร Test'\n    });\nexpect(res.status).to.equal(400);\nexpect(res.body).to.have.property('success', false);",
                  "err": {},
                  "uuid": "076baa59-99d1-4da8-b570-164bdeb6bcff",
                  "parentUUID": "14e3903b-15ff-4555-9123-7d1bbac97883",
                  "isHook": false,
                  "skipped": false
                }
              ],
              "suites": [],
              "passes": [
                "60ce7770-0978-44b3-ad60-58ee8918dda7",
                "03b75e81-57d9-489b-97de-57622a6e13ad",
                "e68c7922-b224-4b88-900f-b907ed54b69a",
                "076baa59-99d1-4da8-b570-164bdeb6bcff"
              ],
              "failures": [],
              "pending": [],
              "skipped": [],
              "duration": 14,
              "root": false,
              "rootEmpty": false,
              "_timeout": 10000
            }
          ],
          "passes": [],
          "failures": [],
          "pending": [],
          "skipped": [],
          "duration": 0,
          "root": false,
          "rootEmpty": false,
          "_timeout": 10000
        },
        {
          "uuid": "b43dee70-9dba-4e6b-8f98-55b325bdd2af",
          "title": "🔄 ทดสอบ Status Workflow",
          "fullFile": "C:\\Work\\MyUsafe-ReportProject\\backend\\tests\\status-workflow.test.js",
          "file": "\\tests\\status-workflow.test.js",
          "beforeHooks": [
            {
              "title": "\"before each\" hook in \"🔄 ทดสอบ Status Workflow\"",
              "fullTitle": "🔄 ทดสอบ Status Workflow \"before each\" hook in \"🔄 ทดสอบ Status Workflow\"",
              "timedOut": false,
              "duration": 2,
              "state": null,
              "speed": null,
              "pass": false,
              "fail": false,
              "pending": false,
              "context": null,
              "code": "const complaint = await Complaint.create({\n    complaint_id: 'C_STATUS_TEST',\n    title: 'Test Status Workflow',\n    categories: ['ทั่วไป'],\n    description: 'Test',\n    location: { building: 'A', floor: '1', room: '101' },\n    current_status: 'รอรับเรื่อง',\n    priority: 'low',\n    status_history: [{\n        status_id: 'S001',\n        status_name: 'รอรับเรื่อง',\n        updated_at: new Date()\n    }],\n    user_id: 'U001',\n    datetime_reported: new Date(),\n    likes: 0,\n    dislikes: 0,\n    views: 0\n});\ncomplaintId = complaint.complaint_id;",
              "err": {},
              "uuid": "587828e5-7509-4be4-a863-e2d98d3d9fad",
              "parentUUID": "b43dee70-9dba-4e6b-8f98-55b325bdd2af",
              "isHook": true,
              "skipped": false
            }
          ],
          "afterHooks": [],
          "tests": [],
          "suites": [
            {
              "uuid": "3bb0afab-0da3-4c99-82e5-68714870e043",
              "title": "Status Transition Rules",
              "fullFile": "C:\\Work\\MyUsafe-ReportProject\\backend\\tests\\status-workflow.test.js",
              "file": "\\tests\\status-workflow.test.js",
              "beforeHooks": [],
              "afterHooks": [],
              "tests": [
                {
                  "title": "ควรอนุญาตให้เปลี่ยนจาก รอรับเรื่อง → กำลังดำเนินการ",
                  "fullTitle": "🔄 ทดสอบ Status Workflow Status Transition Rules ควรอนุญาตให้เปลี่ยนจาก รอรับเรื่อง → กำลังดำเนินการ",
                  "timedOut": false,
                  "duration": 6,
                  "state": "passed",
                  "speed": "fast",
                  "pass": true,
                  "fail": false,
                  "pending": false,
                  "context": null,
                  "code": "const res = await request(app)\n    .put(`/api/complaints/${complaintId}`)\n    .send({\n        status: 'กำลังดำเนินการ'\n    });\nexpect(res.status).to.equal(200);\nexpect(res.body.data).to.have.property('current_status', 'กำลังดำเนินการ');",
                  "err": {},
                  "uuid": "d671facb-17b8-4f6c-8f87-7609afde7ce5",
                  "parentUUID": "3bb0afab-0da3-4c99-82e5-68714870e043",
                  "isHook": false,
                  "skipped": false
                },
                {
                  "title": "ควรอนุญาตให้เปลี่ยนจาก กำลังดำเนินการ → เสร็จสิ้น",
                  "fullTitle": "🔄 ทดสอบ Status Workflow Status Transition Rules ควรอนุญาตให้เปลี่ยนจาก กำลังดำเนินการ → เสร็จสิ้น",
                  "timedOut": false,
                  "duration": 7,
                  "state": "passed",
                  "speed": "fast",
                  "pass": true,
                  "fail": false,
                  "pending": false,
                  "context": null,
                  "code": "// เปลี่ยนเป็น กำลังดำเนินการ ก่อน\nawait Complaint.updateOne(\n    { complaint_id: complaintId },\n    { current_status: 'กำลังดำเนินการ' }\n);\nconst res = await request(app)\n    .put(`/api/complaints/${complaintId}`)\n    .send({\n        status: 'เสร็จสิ้น'\n    });\nexpect(res.status).to.equal(200);\nexpect(res.body.data).to.have.property('current_status', 'เสร็จสิ้น');\nexpect(res.body.data.completed_date).to.not.equal('-');",
                  "err": {},
                  "uuid": "e1c9ceb2-1b0b-42d7-ab41-a8f5dce2ffae",
                  "parentUUID": "3bb0afab-0da3-4c99-82e5-68714870e043",
                  "isHook": false,
                  "skipped": false
                },
                {
                  "title": "ไม่ควรอนุญาตให้เปลี่ยนจาก รอรับเรื่อง → เสร็จสิ้น",
                  "fullTitle": "🔄 ทดสอบ Status Workflow Status Transition Rules ไม่ควรอนุญาตให้เปลี่ยนจาก รอรับเรื่อง → เสร็จสิ้น",
                  "timedOut": false,
                  "duration": 5,
                  "state": "passed",
                  "speed": "fast",
                  "pass": true,
                  "fail": false,
                  "pending": false,
                  "context": null,
                  "code": "const res = await request(app)\n    .put(`/api/complaints/${complaintId}`)\n    .send({\n        status: 'เสร็จสิ้น'\n    });\nexpect(res.status).to.equal(400);\nexpect(res.body).to.have.property('error');\nexpect(res.body).to.have.property('allowed_transitions');",
                  "err": {},
                  "uuid": "4a556fe3-606b-4db2-85fb-980bb68e9644",
                  "parentUUID": "3bb0afab-0da3-4c99-82e5-68714870e043",
                  "isHook": false,
                  "skipped": false
                },
                {
                  "title": "ไม่ควรอนุญาตให้เปลี่ยนสถานะจาก เสร็จสิ้น",
                  "fullTitle": "🔄 ทดสอบ Status Workflow Status Transition Rules ไม่ควรอนุญาตให้เปลี่ยนสถานะจาก เสร็จสิ้น",
                  "timedOut": false,
                  "duration": 5,
                  "state": "passed",
                  "speed": "fast",
                  "pass": true,
                  "fail": false,
                  "pending": false,
                  "context": null,
                  "code": "await Complaint.updateOne(\n    { complaint_id: complaintId },\n    { current_status: 'เสร็จสิ้น' }\n);\nconst res = await request(app)\n    .put(`/api/complaints/${complaintId}`)\n    .send({\n        status: 'กำลังดำเนินการ'\n    });\nexpect(res.status).to.equal(400);",
                  "err": {},
                  "uuid": "b14cd0b6-bee0-4be1-a020-29dab7452aad",
                  "parentUUID": "3bb0afab-0da3-4c99-82e5-68714870e043",
                  "isHook": false,
                  "skipped": false
                },
                {
                  "title": "ควรอนุญาตให้ยกเลิกจากสถานะใดก็ได้ยกเว้น เสร็จสิ้น",
                  "fullTitle": "🔄 ทดสอบ Status Workflow Status Transition Rules ควรอนุญาตให้ยกเลิกจากสถานะใดก็ได้ยกเว้น เสร็จสิ้น",
                  "timedOut": false,
                  "duration": 6,
                  "state": "passed",
                  "speed": "fast",
                  "pass": true,
                  "fail": false,
                  "pending": false,
                  "context": null,
                  "code": "const res = await request(app)\n    .put(`/api/complaints/${complaintId}`)\n    .send({\n        status: 'ยกเลิก'\n    });\nexpect(res.status).to.equal(200);\nexpect(res.body.data).to.have.property('current_status', 'ยกเลิก');",
                  "err": {},
                  "uuid": "f1f22fbf-fc61-428f-9c7e-ac9d9d46799d",
                  "parentUUID": "3bb0afab-0da3-4c99-82e5-68714870e043",
                  "isHook": false,
                  "skipped": false
                }
              ],
              "suites": [],
              "passes": [
                "d671facb-17b8-4f6c-8f87-7609afde7ce5",
                "e1c9ceb2-1b0b-42d7-ab41-a8f5dce2ffae",
                "4a556fe3-606b-4db2-85fb-980bb68e9644",
                "b14cd0b6-bee0-4be1-a020-29dab7452aad",
                "f1f22fbf-fc61-428f-9c7e-ac9d9d46799d"
              ],
              "failures": [],
              "pending": [],
              "skipped": [],
              "duration": 29,
              "root": false,
              "rootEmpty": false,
              "_timeout": 10000
            }
          ],
          "passes": [],
          "failures": [],
          "pending": [],
          "skipped": [],
          "duration": 0,
          "root": false,
          "rootEmpty": false,
          "_timeout": 10000
        }
      ],
      "passes": [],
      "failures": [],
      "pending": [],
      "skipped": [],
      "duration": 0,
      "root": true,
      "rootEmpty": true,
      "_timeout": 10000
    }
  ],
  "meta": {
    "mocha": {
      "version": "10.8.2"
    },
    "mochawesome": {
      "options": {
        "quiet": false,
        "reportFilename": "test-report",
        "saveHtml": true,
        "saveJson": true,
        "consoleReporter": "spec",
        "useInlineDiffs": false,
        "code": true
      },
      "version": "7.1.4"
    },
    "marge": {
      "options": {
        "reportDir": "test-reports",
        "reportFilename": "test-report"
      },
      "version": "6.3.0"
    }
  }
}